["INFO" - 21:32:30] Extension Name: esbenp.prettier-vscode.
["INFO" - 21:32:30] Extension Version: 9.5.0.
["INFO" - 21:32:45] Formatting vscode-userdata:/home/burakssen/.config/Code/User/settings.json
["INFO" - 21:32:45] File Info:
{
  "ignored": false,
  "inferredParser": "json"
}
["INFO" - 21:32:45] No local configuration (i.e. .prettierrc or .editorconfig) detected, falling back to VS Code configuration
["INFO" - 21:32:45] Prettier Options:
{
  "arrowParens": "always",
  "bracketSpacing": true,
  "endOfLine": "lf",
  "htmlWhitespaceSensitivity": "css",
  "insertPragma": false,
  "jsxBracketSameLine": false,
  "jsxSingleQuote": false,
  "printWidth": 80,
  "proseWrap": "preserve",
  "quoteProps": "as-needed",
  "requirePragma": false,
  "semi": true,
  "singleQuote": false,
  "tabWidth": 2,
  "trailingComma": "es5",
  "useTabs": false,
  "vueIndentScriptAndStyle": false,
  "filepath": "/home/burakssen/.config/Code/User/settings.json",
  "parser": "json"
}
["INFO" - 21:32:45] Formatting completed in 0.069ms.
