[2022-08-13 22:00:04.350] [exthost] [info] Extension host with pid 2722 started
[2022-08-13 22:00:04.350] [exthost] [info] Skipping acquiring lock for /home/burakssen/.config/Code/User/workspaceStorage/b9c32b9f00a060d9a825d3cbd889efb1.
[2022-08-13 22:00:04.444] [exthost] [info] ExtensionService#_doActivateExtension vscode.microsoft-authentication, startup: false, activationEvent: 'onAuthenticationRequest:microsoft'
[2022-08-13 22:00:04.464] [exthost] [info] ExtensionService#_doActivateExtension vscode.debug-auto-launch, startup: true, activationEvent: '*'
[2022-08-13 22:00:04.467] [exthost] [info] ExtensionService#_doActivateExtension vscode.git-base, startup: true, activationEvent: '*'
[2022-08-13 22:00:04.469] [exthost] [info] ExtensionService#_doActivateExtension vscode.ipynb, startup: true, activationEvent: '*'
[2022-08-13 22:00:04.506] [exthost] [info] ExtensionService#_doActivateExtension vscode.github, startup: true, activationEvent: '*'
[2022-08-13 22:00:04.525] [exthost] [info] Eager extensions activated
[2022-08-13 22:00:04.531] [exthost] [info] ExtensionService#_doActivateExtension vscode.emmet, startup: false, activationEvent: 'onStartupFinished'
[2022-08-13 22:00:04.536] [exthost] [info] ExtensionService#_doActivateExtension vscode.merge-conflict, startup: false, activationEvent: 'onStartupFinished'
[2022-08-13 22:00:04.538] [exthost] [info] ExtensionService#_doActivateExtension esbenp.prettier-vscode, startup: false, activationEvent: 'onStartupFinished'
[2022-08-13 22:00:04.585] [exthost] [info] ExtensionService#_doActivateExtension PKief.material-icon-theme, startup: false, activationEvent: 'onStartupFinished'
[2022-08-13 22:00:04.641] [exthost] [info] ExtensionService#_doActivateExtension vscode.github-authentication, startup: false, activationEvent: 'onAuthenticationRequest:github'
[2022-08-13 22:00:05.215] [exthost] [info] ExtensionService#_doActivateExtension vscode.git, startup: false, activationEvent: 'api', root cause: vscode.github
[2022-08-13 22:00:09.330] [exthost] [info] ExtensionService#_doActivateExtension cschlosser.doxdocgen, startup: false, activationEvent: 'onLanguage:cpp'
[2022-08-13 22:00:09.424] [exthost] [info] ExtensionService#_doActivateExtension ms-vscode.cpptools, startup: false, activationEvent: 'onLanguage:cpp'
[2022-08-13 22:00:47.811] [exthost] [info] ExtensionService#_doActivateExtension vscode.configuration-editing, startup: false, activationEvent: 'onLanguage:jsonc'
[2022-08-13 22:00:47.814] [exthost] [info] ExtensionService#_doActivateExtension vscode.json-language-features, startup: false, activationEvent: 'onLanguage:jsonc'
[2022-08-13 22:00:47.840] [exthost] [info] ExtensionService#_doActivateExtension vscode.typescript-language-features, startup: false, activationEvent: 'onLanguage:jsonc'
[2022-08-13 22:26:56.619] [exthost] [info] Extension host terminating: received terminate message from renderer
[2022-08-13 22:26:56.693] [exthost] [info] Extension host with pid 2722 exiting with code 0
