[2022-08-14 03:12:09.293] [exthost] [info] Extension host with pid 1276 started
[2022-08-14 03:12:09.293] [exthost] [info] Skipping acquiring lock for /home/burakssen/.config/Code/User/workspaceStorage/b9c32b9f00a060d9a825d3cbd889efb1.
[2022-08-14 03:12:09.621] [exthost] [info] ExtensionService#_doActivateExtension cschlosser.doxdocgen, startup: false, activationEvent: 'onLanguage:cpp'
[2022-08-14 03:12:09.929] [exthost] [info] ExtensionService#_doActivateExtension ms-vscode.cpptools, startup: false, activationEvent: 'onLanguage:cpp'
[2022-08-14 03:12:09.981] [exthost] [info] ExtensionService#_doActivateExtension vscode.microsoft-authentication, startup: false, activationEvent: 'onAuthenticationRequest:microsoft'
[2022-08-14 03:12:10.003] [exthost] [info] ExtensionService#_doActivateExtension vscode.debug-auto-launch, startup: true, activationEvent: '*'
[2022-08-14 03:12:10.008] [exthost] [info] ExtensionService#_doActivateExtension vscode.git-base, startup: true, activationEvent: '*', root cause: vscode.git
[2022-08-14 03:12:10.014] [exthost] [info] ExtensionService#_doActivateExtension vscode.ipynb, startup: true, activationEvent: '*'
[2022-08-14 03:12:10.214] [exthost] [info] ExtensionService#_doActivateExtension vscode.git, startup: true, activationEvent: '*'
[2022-08-14 03:12:10.242] [exthost] [info] ExtensionService#_doActivateExtension vscode.github, startup: true, activationEvent: '*'
[2022-08-14 03:12:10.411] [exthost] [info] Eager extensions activated
[2022-08-14 03:12:10.609] [exthost] [info] ExtensionService#_doActivateExtension vscode.emmet, startup: false, activationEvent: 'onStartupFinished'
[2022-08-14 03:12:10.624] [exthost] [info] ExtensionService#_doActivateExtension vscode.merge-conflict, startup: false, activationEvent: 'onStartupFinished'
[2022-08-14 03:12:10.629] [exthost] [info] ExtensionService#_doActivateExtension esbenp.prettier-vscode, startup: false, activationEvent: 'onStartupFinished'
[2022-08-14 03:12:10.695] [exthost] [info] ExtensionService#_doActivateExtension PKief.material-icon-theme, startup: false, activationEvent: 'onStartupFinished'
[2022-08-14 03:12:10.857] [exthost] [info] ExtensionService#_doActivateExtension vscode.github-authentication, startup: false, activationEvent: 'onAuthenticationRequest:github'
[2022-08-14 03:16:51.094] [exthost] [info] ExtensionService#_doActivateExtension vscode.configuration-editing, startup: false, activationEvent: 'onLanguage:jsonc'
[2022-08-14 03:16:51.099] [exthost] [info] ExtensionService#_doActivateExtension vscode.json-language-features, startup: false, activationEvent: 'onLanguage:jsonc'
[2022-08-14 03:16:51.128] [exthost] [info] ExtensionService#_doActivateExtension vscode.typescript-language-features, startup: false, activationEvent: 'onLanguage:jsonc'
[2022-08-14 03:34:26.527] [exthost] [warning] ms-vscode.cpptools - Code actions of kind 'quickfix 'requested but returned code action is of kind 'refactor.inline'. Code action will be dropped. Please check 'CodeActionContext.only' to only return requested code actions.
[2022-08-14 03:34:27.097] [exthost] [warning] ms-vscode.cpptools - Code actions of kind 'quickfix 'requested but returned code action is of kind 'refactor.inline'. Code action will be dropped. Please check 'CodeActionContext.only' to only return requested code actions.
[2022-08-14 03:34:28.089] [exthost] [warning] ms-vscode.cpptools - Code actions of kind 'quickfix 'requested but returned code action is of kind 'refactor.inline'. Code action will be dropped. Please check 'CodeActionContext.only' to only return requested code actions.
[2022-08-14 03:56:52.185] [exthost] [info] Extension host terminating: received terminate message from renderer
[2022-08-14 03:56:52.205] [exthost] [error] Error: read ECONNRESET
	at Pipe.onStreamRead (node:internal/stream_base_commons:220:20)
[2022-08-14 03:56:52.242] [exthost] [info] Extension host with pid 1276 exiting with code 0
