[2022-08-14T00:12:10.351Z] Log level: Info
[2022-08-14T00:12:10.361Z] [info] Validating found git in: git
[2022-08-14T00:12:10.397Z] [info] Using git 2.37.2 from git
[2022-08-14T00:12:10.428Z] > git rev-parse --show-toplevel [19ms]
[2022-08-14T00:12:10.428Z] fatal: not a git repository (or any of the parent directories): .git
[2022-08-14T00:12:10.437Z] > git rev-parse --show-toplevel [1ms]
[2022-08-14T00:12:10.437Z] fatal: not a git repository (or any of the parent directories): .git
[2022-08-14T00:12:11.889Z] > git rev-parse --show-toplevel [7ms]
[2022-08-14T00:12:11.889Z] fatal: not a git repository (or any of the parent directories): .git
[2022-08-14T00:16:51.472Z] > git rev-parse --show-toplevel [9ms]
[2022-08-14T00:16:51.472Z] fatal: not a git repository (or any of the parent directories): .git
[2022-08-14T00:16:52.364Z] > git rev-parse --show-toplevel [4ms]
[2022-08-14T00:16:52.364Z] fatal: not a git repository (or any of the parent directories): .git
[2022-08-14T00:17:20.478Z] > git rev-parse --show-toplevel [8ms]
[2022-08-14T00:17:20.478Z] fatal: not a git repository (or any of the parent directories): .git
[2022-08-14T00:17:20.484Z] > git rev-parse --show-toplevel [1ms]
[2022-08-14T00:17:20.484Z] fatal: not a git repository (or any of the parent directories): .git
[2022-08-14T00:22:31.350Z] > git rev-parse --show-toplevel [5ms]
[2022-08-14T00:22:31.350Z] fatal: not a git repository (or any of the parent directories): .git
[2022-08-14T00:22:31.357Z] > git rev-parse --show-toplevel [2ms]
[2022-08-14T00:22:31.357Z] fatal: not a git repository (or any of the parent directories): .git
[2022-08-14T00:36:03.884Z] > git rev-parse --show-toplevel [6ms]
[2022-08-14T00:36:03.885Z] fatal: not a git repository (or any of the parent directories): .git
[2022-08-14T00:36:08.939Z] > git rev-parse --show-toplevel [5ms]
[2022-08-14T00:36:08.939Z] fatal: not a git repository (or any of the parent directories): .git
