{"logTime": "0409/165436", "correlationVector":"MrX+8ZYh2iTKy9CGApnfNN.0","action":"FeedSettingFetch_homeCloud", "result":"0", "context":{}}
{"logTime": "0409/165440", "correlationVector":"MrX+8ZYh2iTKy9CGApnfNN.0","action":"SyncServerConnectionManagerRequest", "result":"SYNC_SERVER_OK", "context":{"environment":"", "server":""}}
{"logTime": "0409/165453", "correlationVector":"O2IcnmEMSBauycuvecflFn.1","action":"SyncServerConnectionManagerRequest", "result":"SYNC_SERVER_OK", "context":{"environment":"48F630A6-CB1B-4CC7-86AF-0F6627234B58|106", "server":"AM3PEPF00000994"}}
{"logTime": "0409/165454", "correlationVector":"flnEr77vs861X0mX/FNrhv.1","action":"SyncServerConnectionManagerRequest", "result":"SYNC_SERVER_OK", "context":{"environment":"48F630A6-CB1B-4CC7-86AF-0F6627234B58|106", "server":"AM3PEPF00000994"}}
{"logTime": "0409/165454", "correlationVector":"O2IcnmEMSBauycuvecflFn","action":"Initial GetUpdates", "result":""}
{"logTime": "0409/165454", "correlationVector":"O2IcnmEMSBauycuvecflFn.2","action":"GetUpdates Response", "result":"SERVER_MORE_TO_DOWNLOAD"}
{"logTime": "0409/165454", "correlationVector":"flnEr77vs861X0mX/FNrhv","action":"Initial GetUpdates", "result":""}
{"logTime": "0409/165454", "correlationVector":"flnEr77vs861X0mX/FNrhv.2","action":"GetUpdates Response", "result":"SYNCER_OK"}
{"logTime": "0409/165454", "correlationVector":"xYO19/AwQk9XXINrq/FlKn","action":"Initial GetUpdates", "result":""}
{"logTime": "0409/165455", "correlationVector":"xYO19/AwQk9XXINrq/FlKn.1","action":"SyncServerConnectionManagerRequest", "result":"SYNC_SERVER_OK", "context":{"environment":"48F630A6-CB1B-4CC7-86AF-0F6627234B58|106", "server":"AM3PEPF00000994"}}
{"logTime": "0409/165455", "correlationVector":"xYO19/AwQk9XXINrq/FlKn.2","action":"GetUpdates Response", "result":"SERVER_MORE_TO_DOWNLOAD"}
{"logTime": "0409/165455", "correlationVector":"A/lvDf7s50TBdo6NktTjyE","action":"Initial GetUpdates", "result":""}
{"logTime": "0409/165506", "correlationVector":"A/lvDf7s50TBdo6NktTjyE.1","action":"SyncServerConnectionManagerRequest", "result":"SYNC_SERVER_OK", "context":{"environment":"48F630A6-CB1B-4CC7-86AF-0F6627234B58|106", "server":"AM3PEPF00000994"}}
{"logTime": "0409/165506", "correlationVector":"A/lvDf7s50TBdo6NktTjyE.2","action":"GetUpdates Response", "result":"SERVER_MORE_TO_DOWNLOAD"}
{"logTime": "0409/165506", "correlationVector":"FGBgC7gxkmdAKDf36bKhhR","action":"Initial GetUpdates", "result":""}
{"logTime": "0409/165507", "correlationVector":"FGBgC7gxkmdAKDf36bKhhR.1","action":"SyncServerConnectionManagerRequest", "result":"SYNC_SERVER_OK", "context":{"environment":"48F630A6-CB1B-4CC7-86AF-0F6627234B58|106", "server":"AM3PEPF00000994"}}
{"logTime": "0409/165507", "correlationVector":"FGBgC7gxkmdAKDf36bKhhR.2","action":"GetUpdates Response", "result":"SERVER_MORE_TO_DOWNLOAD"}
{"logTime": "0409/165507", "correlationVector":"uRi0mcY6/OI4K6F2YGnECQ","action":"Initial GetUpdates", "result":""}
{"logTime": "0409/165509", "correlationVector":"uRi0mcY6/OI4K6F2YGnECQ.1","action":"SyncServerConnectionManagerRequest", "result":"SYNC_SERVER_OK", "context":{"environment":"48F630A6-CB1B-4CC7-86AF-0F6627234B58|106", "server":"AM3PEPF00000994"}}
{"logTime": "0409/165509", "correlationVector":"uRi0mcY6/OI4K6F2YGnECQ.2","action":"GetUpdates Response", "result":"SERVER_MORE_TO_DOWNLOAD"}
{"logTime": "0409/165509", "correlationVector":"g56Buv4Ma7agKWhbR/zHv1","action":"Initial GetUpdates", "result":""}
{"logTime": "0409/165510", "correlationVector":"g56Buv4Ma7agKWhbR/zHv1.1","action":"SyncServerConnectionManagerRequest", "result":"SYNC_SERVER_OK", "context":{"environment":"48F630A6-CB1B-4CC7-86AF-0F6627234B58|106", "server":"AM3PEPF00000994"}}
{"logTime": "0409/165510", "correlationVector":"g56Buv4Ma7agKWhbR/zHv1.2","action":"GetUpdates Response", "result":"SERVER_MORE_TO_DOWNLOAD"}
{"logTime": "0409/165510", "correlationVector":"CuKbaDMojzkJ9hSBJko0ep","action":"Initial GetUpdates", "result":""}
{"logTime": "0409/165511", "correlationVector":"CuKbaDMojzkJ9hSBJko0ep.1","action":"SyncServerConnectionManagerRequest", "result":"SYNC_SERVER_OK", "context":{"environment":"48F630A6-CB1B-4CC7-86AF-0F6627234B58|106", "server":"AM3PEPF00000994"}}
{"logTime": "0409/165511", "correlationVector":"CuKbaDMojzkJ9hSBJko0ep.2","action":"GetUpdates Response", "result":"SYNCER_OK"}
{"logTime": "0409/165511", "correlationVector":"kCYkiFdKKEhA6XWfGTt9gY","action":"Initial GetUpdates", "result":""}
{"logTime": "0409/165512", "correlationVector":"kCYkiFdKKEhA6XWfGTt9gY.1","action":"SyncServerConnectionManagerRequest", "result":"SYNC_SERVER_OK", "context":{"environment":"48F630A6-CB1B-4CC7-86AF-0F6627234B58|106", "server":"AM3PEPF00000994"}}
{"logTime": "0409/165512", "correlationVector":"kCYkiFdKKEhA6XWfGTt9gY.2","action":"GetUpdates Response", "result":"SERVER_MORE_TO_DOWNLOAD"}
{"logTime": "0409/165512", "correlationVector":"yfmCNYVpcdmhQBQd8FcQYY","action":"Initial GetUpdates", "result":""}
{"logTime": "0409/165514", "correlationVector":"yfmCNYVpcdmhQBQd8FcQYY.1","action":"SyncServerConnectionManagerRequest", "result":"SYNC_SERVER_OK", "context":{"environment":"48F630A6-CB1B-4CC7-86AF-0F6627234B58|106", "server":"AM3PEPF00000994"}}
{"logTime": "0409/165514", "correlationVector":"yfmCNYVpcdmhQBQd8FcQYY.2","action":"GetUpdates Response", "result":"SERVER_MORE_TO_DOWNLOAD"}
{"logTime": "0409/165514", "correlationVector":"cSIZ7lanVC6olMT6ne8NM6","action":"Initial GetUpdates", "result":""}
{"logTime": "0409/165515", "correlationVector":"cSIZ7lanVC6olMT6ne8NM6.1","action":"SyncServerConnectionManagerRequest", "result":"SYNC_SERVER_OK", "context":{"environment":"48F630A6-CB1B-4CC7-86AF-0F6627234B58|106", "server":"AM3PEPF00000994"}}
{"logTime": "0409/165515", "correlationVector":"cSIZ7lanVC6olMT6ne8NM6.2","action":"GetUpdates Response", "result":"SERVER_MORE_TO_DOWNLOAD"}
{"logTime": "0409/165515", "correlationVector":"Gp2EFOvoRCtDN3HhQDW1SX","action":"Initial GetUpdates", "result":""}
{"logTime": "0409/165517", "correlationVector":"Gp2EFOvoRCtDN3HhQDW1SX.1","action":"SyncServerConnectionManagerRequest", "result":"SYNC_SERVER_OK", "context":{"environment":"48F630A6-CB1B-4CC7-86AF-0F6627234B58|106", "server":"AM3PEPF00000994"}}
{"logTime": "0409/165517", "correlationVector":"Gp2EFOvoRCtDN3HhQDW1SX.2","action":"GetUpdates Response", "result":"SERVER_MORE_TO_DOWNLOAD"}
{"logTime": "0409/165517", "correlationVector":"zT4s5qSBNgirrXFWHsopxr","action":"Initial GetUpdates", "result":""}
{"logTime": "0409/165518", "correlationVector":"zT4s5qSBNgirrXFWHsopxr.1","action":"SyncServerConnectionManagerRequest", "result":"SYNC_SERVER_OK", "context":{"environment":"48F630A6-CB1B-4CC7-86AF-0F6627234B58|106", "server":"AM3PEPF00000994"}}
{"logTime": "0409/165518", "correlationVector":"zT4s5qSBNgirrXFWHsopxr.2","action":"GetUpdates Response", "result":"SERVER_MORE_TO_DOWNLOAD"}
{"logTime": "0409/165518", "correlationVector":"8/wyLFvTlGtsc9U0ercgMD","action":"Initial GetUpdates", "result":""}
{"logTime": "0409/165520", "correlationVector":"8/wyLFvTlGtsc9U0ercgMD.1","action":"SyncServerConnectionManagerRequest", "result":"SYNC_SERVER_OK", "context":{"environment":"48F630A6-CB1B-4CC7-86AF-0F6627234B58|106", "server":"AM3PEPF00000994"}}
{"logTime": "0409/165520", "correlationVector":"8/wyLFvTlGtsc9U0ercgMD.2","action":"GetUpdates Response", "result":"SERVER_MORE_TO_DOWNLOAD"}
{"logTime": "0409/165520", "correlationVector":"svNrhRF+kuZAiT1jSNFt3H","action":"Initial GetUpdates", "result":""}
{"logTime": "0409/165521", "correlationVector":"svNrhRF+kuZAiT1jSNFt3H.1","action":"SyncServerConnectionManagerRequest", "result":"SYNC_SERVER_OK", "context":{"environment":"48F630A6-CB1B-4CC7-86AF-0F6627234B58|106", "server":"AM3PEPF00000994"}}
{"logTime": "0409/165521", "correlationVector":"svNrhRF+kuZAiT1jSNFt3H.2","action":"GetUpdates Response", "result":"SERVER_MORE_TO_DOWNLOAD"}
{"logTime": "0409/165521", "correlationVector":"JTL4PErQEwOrWCn+GIFuz4","action":"Initial GetUpdates", "result":""}
{"logTime": "0409/165523", "correlationVector":"JTL4PErQEwOrWCn+GIFuz4.1","action":"SyncServerConnectionManagerRequest", "result":"SYNC_SERVER_OK", "context":{"environment":"48F630A6-CB1B-4CC7-86AF-0F6627234B58|106", "server":"AM3PEPF00000994"}}
{"logTime": "0409/165523", "correlationVector":"JTL4PErQEwOrWCn+GIFuz4.2","action":"GetUpdates Response", "result":"SERVER_MORE_TO_DOWNLOAD"}
{"logTime": "0409/165523", "correlationVector":"QYWjb4w/VveQQDYgXBeoCC","action":"Initial GetUpdates", "result":""}
{"logTime": "0409/165524", "correlationVector":"QYWjb4w/VveQQDYgXBeoCC.1","action":"SyncServerConnectionManagerRequest", "result":"SYNC_SERVER_OK", "context":{"environment":"48F630A6-CB1B-4CC7-86AF-0F6627234B58|106", "server":"AM3PEPF00000994"}}
{"logTime": "0409/165524", "correlationVector":"QYWjb4w/VveQQDYgXBeoCC.2","action":"GetUpdates Response", "result":"SERVER_MORE_TO_DOWNLOAD"}
{"logTime": "0409/165524", "correlationVector":"1Bb7I9YgauMLCose0b8yaQ","action":"Initial GetUpdates", "result":""}
{"logTime": "0409/165526", "correlationVector":"1Bb7I9YgauMLCose0b8yaQ.1","action":"SyncServerConnectionManagerRequest", "result":"SYNC_SERVER_OK", "context":{"environment":"48F630A6-CB1B-4CC7-86AF-0F6627234B58|106", "server":"AM3PEPF00000994"}}
{"logTime": "0409/165526", "correlationVector":"1Bb7I9YgauMLCose0b8yaQ.2","action":"GetUpdates Response", "result":"SERVER_MORE_TO_DOWNLOAD"}
{"logTime": "0409/165526", "correlationVector":"Fd4txdkoabeUQACs4mJ5RT","action":"Initial GetUpdates", "result":""}
{"logTime": "0409/165527", "correlationVector":"Fd4txdkoabeUQACs4mJ5RT.1","action":"SyncServerConnectionManagerRequest", "result":"SYNC_SERVER_OK", "context":{"environment":"48F630A6-CB1B-4CC7-86AF-0F6627234B58|106", "server":"AM3PEPF00000994"}}
{"logTime": "0409/165527", "correlationVector":"Fd4txdkoabeUQACs4mJ5RT.2","action":"GetUpdates Response", "result":"SERVER_MORE_TO_DOWNLOAD"}
{"logTime": "0409/165527", "correlationVector":"OBMdj8b4tHQg9TXvG3GqVc","action":"Initial GetUpdates", "result":""}
{"logTime": "0409/165529", "correlationVector":"OBMdj8b4tHQg9TXvG3GqVc.1","action":"SyncServerConnectionManagerRequest", "result":"SYNC_SERVER_OK", "context":{"environment":"48F630A6-CB1B-4CC7-86AF-0F6627234B58|106", "server":"AM3PEPF00000994"}}
{"logTime": "0409/165529", "correlationVector":"OBMdj8b4tHQg9TXvG3GqVc.2","action":"GetUpdates Response", "result":"SERVER_MORE_TO_DOWNLOAD"}
{"logTime": "0409/165529", "correlationVector":"5xR9dWzWGBR/Hv+u5Jjx89","action":"Initial GetUpdates", "result":""}
{"logTime": "0409/165531", "correlationVector":"5xR9dWzWGBR/Hv+u5Jjx89.1","action":"SyncServerConnectionManagerRequest", "result":"SYNC_SERVER_OK", "context":{"environment":"48F630A6-CB1B-4CC7-86AF-0F6627234B58|106", "server":"AM3PEPF00000994"}}
{"logTime": "0409/165531", "correlationVector":"5xR9dWzWGBR/Hv+u5Jjx89.2","action":"GetUpdates Response", "result":"SERVER_MORE_TO_DOWNLOAD"}
{"logTime": "0409/165531", "correlationVector":"4/BB7v8/9TpheEaymSw9sD","action":"Initial GetUpdates", "result":""}
{"logTime": "0409/165532", "correlationVector":"4/BB7v8/9TpheEaymSw9sD.1","action":"SyncServerConnectionManagerRequest", "result":"SYNC_SERVER_OK", "context":{"environment":"48F630A6-CB1B-4CC7-86AF-0F6627234B58|106", "server":"AM3PEPF00000994"}}
{"logTime": "0409/165532", "correlationVector":"4/BB7v8/9TpheEaymSw9sD.2","action":"GetUpdates Response", "result":"SERVER_MORE_TO_DOWNLOAD"}
{"logTime": "0409/165532", "correlationVector":"VQnIfv2lMgHEKvG5GzJYCF","action":"Initial GetUpdates", "result":""}
{"logTime": "0409/165534", "correlationVector":"VQnIfv2lMgHEKvG5GzJYCF.1","action":"SyncServerConnectionManagerRequest", "result":"SYNC_SERVER_OK", "context":{"environment":"48F630A6-CB1B-4CC7-86AF-0F6627234B58|106", "server":"AM3PEPF00000994"}}
{"logTime": "0409/165534", "correlationVector":"VQnIfv2lMgHEKvG5GzJYCF.2","action":"GetUpdates Response", "result":"SERVER_MORE_TO_DOWNLOAD"}
{"logTime": "0409/165534", "correlationVector":"qWPXmLdUo9CApcT/+xNhCK","action":"Initial GetUpdates", "result":""}
{"logTime": "0409/165535", "correlationVector":"qWPXmLdUo9CApcT/+xNhCK.1","action":"SyncServerConnectionManagerRequest", "result":"SYNC_SERVER_OK", "context":{"environment":"48F630A6-CB1B-4CC7-86AF-0F6627234B58|106", "server":"AM3PEPF00000994"}}
{"logTime": "0409/165535", "correlationVector":"qWPXmLdUo9CApcT/+xNhCK.2","action":"GetUpdates Response", "result":"SERVER_MORE_TO_DOWNLOAD"}
{"logTime": "0409/165535", "correlationVector":"FVL5m7f/iDtsCpQb9yTx3I","action":"Initial GetUpdates", "result":""}
{"logTime": "0409/165537", "correlationVector":"FVL5m7f/iDtsCpQb9yTx3I.1","action":"SyncServerConnectionManagerRequest", "result":"SYNC_SERVER_OK", "context":{"environment":"48F630A6-CB1B-4CC7-86AF-0F6627234B58|106", "server":"AM3PEPF00000994"}}
{"logTime": "0409/165537", "correlationVector":"FVL5m7f/iDtsCpQb9yTx3I.2","action":"GetUpdates Response", "result":"SERVER_MORE_TO_DOWNLOAD"}
{"logTime": "0409/165537", "correlationVector":"bserHCGLqip4tXUF87wzZ+","action":"Initial GetUpdates", "result":""}
{"logTime": "0409/165538", "correlationVector":"bserHCGLqip4tXUF87wzZ+.1","action":"SyncServerConnectionManagerRequest", "result":"SYNC_SERVER_OK", "context":{"environment":"48F630A6-CB1B-4CC7-86AF-0F6627234B58|106", "server":"AM3PEPF00000994"}}
{"logTime": "0409/165538", "correlationVector":"bserHCGLqip4tXUF87wzZ+.2","action":"GetUpdates Response", "result":"SERVER_MORE_TO_DOWNLOAD"}
{"logTime": "0409/165538", "correlationVector":"ynWim0v+jp+rHvcBJE/X+h","action":"Initial GetUpdates", "result":""}
{"logTime": "0409/165551", "correlationVector":"ynWim0v+jp+rHvcBJE/X+h.1","action":"SyncServerConnectionManagerRequest", "result":"SYNC_SERVER_OK", "context":{"environment":"48F630A6-CB1B-4CC7-86AF-0F6627234B58|106", "server":"AM3PEPF00000994"}}
{"logTime": "0409/165551", "correlationVector":"ynWim0v+jp+rHvcBJE/X+h.2","action":"GetUpdates Response", "result":"SERVER_MORE_TO_DOWNLOAD"}
{"logTime": "0409/165551", "correlationVector":"Op5XYYBSjzz/NLIpVABV92","action":"Initial GetUpdates", "result":""}
{"logTime": "0409/165555", "correlationVector":"Op5XYYBSjzz/NLIpVABV92.1","action":"SyncServerConnectionManagerRequest", "result":"SYNC_SERVER_OK", "context":{"environment":"48F630A6-CB1B-4CC7-86AF-0F6627234B58|106", "server":"AM3PEPF00000994"}}
{"logTime": "0409/165555", "correlationVector":"Op5XYYBSjzz/NLIpVABV92.2","action":"GetUpdates Response", "result":"SERVER_MORE_TO_DOWNLOAD"}
{"logTime": "0409/165555", "correlationVector":"jD7mYYGYVZvfZt2Lr80NNO","action":"Initial GetUpdates", "result":""}
{"logTime": "0409/165559", "correlationVector":"jD7mYYGYVZvfZt2Lr80NNO.1","action":"SyncServerConnectionManagerRequest", "result":"SYNC_SERVER_OK", "context":{"environment":"48F630A6-CB1B-4CC7-86AF-0F6627234B58|106", "server":"AM3PEPF00000994"}}
{"logTime": "0409/165559", "correlationVector":"jD7mYYGYVZvfZt2Lr80NNO.2","action":"GetUpdates Response", "result":"SERVER_MORE_TO_DOWNLOAD"}
{"logTime": "0409/165559", "correlationVector":"ywrMOLaXPX4fjC+SdouP8i","action":"Initial GetUpdates", "result":""}
{"logTime": "0409/165603", "correlationVector":"ywrMOLaXPX4fjC+SdouP8i.1","action":"SyncServerConnectionManagerRequest", "result":"SYNC_SERVER_OK", "context":{"environment":"48F630A6-CB1B-4CC7-86AF-0F6627234B58|106", "server":"AM3PEPF00000994"}}
{"logTime": "0409/165603", "correlationVector":"ywrMOLaXPX4fjC+SdouP8i.2","action":"GetUpdates Response", "result":"SERVER_MORE_TO_DOWNLOAD"}
{"logTime": "0409/165603", "correlationVector":"MhOSAfhu8d2/P9IC2C71mG","action":"Initial GetUpdates", "result":""}
{"logTime": "0409/165606", "correlationVector":"MhOSAfhu8d2/P9IC2C71mG.1","action":"SyncServerConnectionManagerRequest", "result":"SYNC_SERVER_OK", "context":{"environment":"48F630A6-CB1B-4CC7-86AF-0F6627234B58|106", "server":"AM3PEPF00000994"}}
{"logTime": "0409/165606", "correlationVector":"MhOSAfhu8d2/P9IC2C71mG.2","action":"GetUpdates Response", "result":"SERVER_MORE_TO_DOWNLOAD"}
{"logTime": "0409/165606", "correlationVector":"wtROfHx9WaG2nfvoRYhaz4","action":"Initial GetUpdates", "result":""}
{"logTime": "0409/165610", "correlationVector":"wtROfHx9WaG2nfvoRYhaz4.1","action":"SyncServerConnectionManagerRequest", "result":"SYNC_SERVER_OK", "context":{"environment":"48F630A6-CB1B-4CC7-86AF-0F6627234B58|106", "server":"AM3PEPF00000994"}}
{"logTime": "0409/165610", "correlationVector":"wtROfHx9WaG2nfvoRYhaz4.2","action":"GetUpdates Response", "result":"SERVER_MORE_TO_DOWNLOAD"}
{"logTime": "0409/165610", "correlationVector":"yuF0BIU/4BVrbyDB8tIJv0","action":"Initial GetUpdates", "result":""}
{"logTime": "0409/165613", "correlationVector":"yuF0BIU/4BVrbyDB8tIJv0.1","action":"SyncServerConnectionManagerRequest", "result":"SYNC_SERVER_OK", "context":{"environment":"48F630A6-CB1B-4CC7-86AF-0F6627234B58|106", "server":"AM3PEPF00000994"}}
{"logTime": "0409/165613", "correlationVector":"yuF0BIU/4BVrbyDB8tIJv0.2","action":"GetUpdates Response", "result":"SERVER_MORE_TO_DOWNLOAD"}
{"logTime": "0409/165613", "correlationVector":"Sv6XuuPTFxkKXXw3GgoBPH","action":"Initial GetUpdates", "result":""}
{"logTime": "0409/165617", "correlationVector":"Sv6XuuPTFxkKXXw3GgoBPH.1","action":"SyncServerConnectionManagerRequest", "result":"SYNC_SERVER_OK", "context":{"environment":"48F630A6-CB1B-4CC7-86AF-0F6627234B58|106", "server":"AM3PEPF00000994"}}
{"logTime": "0409/165617", "correlationVector":"Sv6XuuPTFxkKXXw3GgoBPH.2","action":"GetUpdates Response", "result":"SERVER_MORE_TO_DOWNLOAD"}
{"logTime": "0409/165617", "correlationVector":"A0n+Mtizxt9nChf2zp9kZc","action":"Initial GetUpdates", "result":""}
{"logTime": "0409/165620", "correlationVector":"A0n+Mtizxt9nChf2zp9kZc.1","action":"SyncServerConnectionManagerRequest", "result":"SYNC_SERVER_OK", "context":{"environment":"48F630A6-CB1B-4CC7-86AF-0F6627234B58|106", "server":"AM3PEPF00000994"}}
{"logTime": "0409/165620", "correlationVector":"A0n+Mtizxt9nChf2zp9kZc.2","action":"GetUpdates Response", "result":"SERVER_MORE_TO_DOWNLOAD"}
{"logTime": "0409/165620", "correlationVector":"76ojUiOLxTmMxpSAQpWw/u","action":"Initial GetUpdates", "result":""}
{"logTime": "0409/165624", "correlationVector":"76ojUiOLxTmMxpSAQpWw/u.1","action":"SyncServerConnectionManagerRequest", "result":"SYNC_SERVER_OK", "context":{"environment":"48F630A6-CB1B-4CC7-86AF-0F6627234B58|106", "server":"AM3PEPF00000994"}}
{"logTime": "0409/165624", "correlationVector":"76ojUiOLxTmMxpSAQpWw/u.2","action":"GetUpdates Response", "result":"SERVER_MORE_TO_DOWNLOAD"}
{"logTime": "0409/165624", "correlationVector":"8gqBDVo/xYY7iqA0Wpd6Tx","action":"Initial GetUpdates", "result":""}
{"logTime": "0409/165627", "correlationVector":"8gqBDVo/xYY7iqA0Wpd6Tx.1","action":"SyncServerConnectionManagerRequest", "result":"SYNC_SERVER_OK", "context":{"environment":"48F630A6-CB1B-4CC7-86AF-0F6627234B58|106", "server":"AM3PEPF00000994"}}
{"logTime": "0409/165627", "correlationVector":"8gqBDVo/xYY7iqA0Wpd6Tx.2","action":"GetUpdates Response", "result":"SERVER_MORE_TO_DOWNLOAD"}
{"logTime": "0409/165627", "correlationVector":"QBP3P0QQ3GrAHbapT6/8jR","action":"Initial GetUpdates", "result":""}
{"logTime": "0409/165631", "correlationVector":"QBP3P0QQ3GrAHbapT6/8jR.1","action":"SyncServerConnectionManagerRequest", "result":"SYNC_SERVER_OK", "context":{"environment":"48F630A6-CB1B-4CC7-86AF-0F6627234B58|106", "server":"AM3PEPF00000994"}}
{"logTime": "0409/165631", "correlationVector":"QBP3P0QQ3GrAHbapT6/8jR.2","action":"GetUpdates Response", "result":"SERVER_MORE_TO_DOWNLOAD"}
{"logTime": "0409/165631", "correlationVector":"ldLz4X4mbYVegU40zxegwf","action":"Initial GetUpdates", "result":""}
{"logTime": "0409/165635", "correlationVector":"ldLz4X4mbYVegU40zxegwf.1","action":"SyncServerConnectionManagerRequest", "result":"SYNC_SERVER_OK", "context":{"environment":"48F630A6-CB1B-4CC7-86AF-0F6627234B58|106", "server":"AM3PEPF00000994"}}
{"logTime": "0409/165635", "correlationVector":"ldLz4X4mbYVegU40zxegwf.2","action":"GetUpdates Response", "result":"SERVER_MORE_TO_DOWNLOAD"}
{"logTime": "0409/165635", "correlationVector":"Bg2A+lLZKWJsff+M8ZAUr0","action":"Initial GetUpdates", "result":""}
{"logTime": "0409/165638", "correlationVector":"Bg2A+lLZKWJsff+M8ZAUr0.1","action":"SyncServerConnectionManagerRequest", "result":"SYNC_SERVER_OK", "context":{"environment":"48F630A6-CB1B-4CC7-86AF-0F6627234B58|106", "server":"AM3PEPF00000994"}}
{"logTime": "0409/165638", "correlationVector":"Bg2A+lLZKWJsff+M8ZAUr0.2","action":"GetUpdates Response", "result":"SERVER_MORE_TO_DOWNLOAD"}
{"logTime": "0409/165638", "correlationVector":"v1mGlRLXTTU8w38of4gXeC","action":"Initial GetUpdates", "result":""}
{"logTime": "0409/165642", "correlationVector":"v1mGlRLXTTU8w38of4gXeC.1","action":"SyncServerConnectionManagerRequest", "result":"SYNC_SERVER_OK", "context":{"environment":"48F630A6-CB1B-4CC7-86AF-0F6627234B58|106", "server":"AM3PEPF00000994"}}
{"logTime": "0409/165642", "correlationVector":"v1mGlRLXTTU8w38of4gXeC.2","action":"GetUpdates Response", "result":"SERVER_MORE_TO_DOWNLOAD"}
{"logTime": "0409/165642", "correlationVector":"AgPgIXuy9cYiRVkgMfeiAs","action":"Initial GetUpdates", "result":""}
{"logTime": "0409/165644", "correlationVector":"AgPgIXuy9cYiRVkgMfeiAs.1","action":"SyncServerConnectionManagerRequest", "result":"SYNC_SERVER_OK", "context":{"environment":"48F630A6-CB1B-4CC7-86AF-0F6627234B58|106", "server":"AM3PEPF00000994"}}
{"logTime": "0409/165644", "correlationVector":"AgPgIXuy9cYiRVkgMfeiAs.2","action":"GetUpdates Response", "result":"SERVER_MORE_TO_DOWNLOAD"}
{"logTime": "0409/165644", "correlationVector":"beNrdN59jKUdqoqAwdemY1","action":"Initial GetUpdates", "result":""}
{"logTime": "0409/165647", "correlationVector":"beNrdN59jKUdqoqAwdemY1.1","action":"SyncServerConnectionManagerRequest", "result":"SYNC_SERVER_OK", "context":{"environment":"48F630A6-CB1B-4CC7-86AF-0F6627234B58|106", "server":"AM3PEPF00000994"}}
{"logTime": "0409/165647", "correlationVector":"beNrdN59jKUdqoqAwdemY1.2","action":"GetUpdates Response", "result":"SERVER_MORE_TO_DOWNLOAD"}
{"logTime": "0409/165647", "correlationVector":"DUX4Jbz4lrryel/a82Z3Io","action":"Initial GetUpdates", "result":""}
{"logTime": "0409/165650", "correlationVector":"DUX4Jbz4lrryel/a82Z3Io.1","action":"SyncServerConnectionManagerRequest", "result":"SYNC_SERVER_OK", "context":{"environment":"48F630A6-CB1B-4CC7-86AF-0F6627234B58|106", "server":"AM3PEPF00000994"}}
{"logTime": "0409/165650", "correlationVector":"DUX4Jbz4lrryel/a82Z3Io.2","action":"GetUpdates Response", "result":"SERVER_MORE_TO_DOWNLOAD"}
{"logTime": "0409/165650", "correlationVector":"81CY3JEqelnplFekGMs2eO","action":"Initial GetUpdates", "result":""}
{"logTime": "0409/165652", "correlationVector":"81CY3JEqelnplFekGMs2eO.1","action":"SyncServerConnectionManagerRequest", "result":"SYNC_SERVER_OK", "context":{"environment":"48F630A6-CB1B-4CC7-86AF-0F6627234B58|106", "server":"AM3PEPF00000994"}}
{"logTime": "0409/165652", "correlationVector":"81CY3JEqelnplFekGMs2eO.2","action":"GetUpdates Response", "result":"SERVER_MORE_TO_DOWNLOAD"}
{"logTime": "0409/165652", "correlationVector":"zqi2eoV3nZSXfXZNgAhZpN","action":"Initial GetUpdates", "result":""}
{"logTime": "0409/165655", "correlationVector":"zqi2eoV3nZSXfXZNgAhZpN.1","action":"SyncServerConnectionManagerRequest", "result":"SYNC_SERVER_OK", "context":{"environment":"48F630A6-CB1B-4CC7-86AF-0F6627234B58|106", "server":"AM3PEPF00000994"}}
{"logTime": "0409/165655", "correlationVector":"zqi2eoV3nZSXfXZNgAhZpN.2","action":"GetUpdates Response", "result":"SERVER_MORE_TO_DOWNLOAD"}
{"logTime": "0409/165655", "correlationVector":"ALazj9bWBjpB6anUvm4OyE","action":"Initial GetUpdates", "result":""}
{"logTime": "0409/165658", "correlationVector":"ALazj9bWBjpB6anUvm4OyE.1","action":"SyncServerConnectionManagerRequest", "result":"SYNC_SERVER_OK", "context":{"environment":"48F630A6-CB1B-4CC7-86AF-0F6627234B58|106", "server":"AM3PEPF00000994"}}
{"logTime": "0409/165658", "correlationVector":"ALazj9bWBjpB6anUvm4OyE.2","action":"GetUpdates Response", "result":"SERVER_MORE_TO_DOWNLOAD"}
{"logTime": "0409/165658", "correlationVector":"+G9DJ5vwGyU62g75ziYdjF","action":"Initial GetUpdates", "result":""}
{"logTime": "0409/165700", "correlationVector":"+G9DJ5vwGyU62g75ziYdjF.1","action":"SyncServerConnectionManagerRequest", "result":"SYNC_SERVER_OK", "context":{"environment":"48F630A6-CB1B-4CC7-86AF-0F6627234B58|106", "server":"AM3PEPF00000994"}}
{"logTime": "0409/165700", "correlationVector":"+G9DJ5vwGyU62g75ziYdjF.2","action":"GetUpdates Response", "result":"SERVER_MORE_TO_DOWNLOAD"}
{"logTime": "0409/165700", "correlationVector":"BEXEeN7g9aya5K0J3zxiF7","action":"Initial GetUpdates", "result":""}
{"logTime": "0409/165703", "correlationVector":"BEXEeN7g9aya5K0J3zxiF7.1","action":"SyncServerConnectionManagerRequest", "result":"SYNC_SERVER_OK", "context":{"environment":"48F630A6-CB1B-4CC7-86AF-0F6627234B58|106", "server":"AM3PEPF00000994"}}
{"logTime": "0409/165703", "correlationVector":"BEXEeN7g9aya5K0J3zxiF7.2","action":"GetUpdates Response", "result":"SERVER_MORE_TO_DOWNLOAD"}
{"logTime": "0409/165703", "correlationVector":"pjnLaGs/V/2UNaO3DtiaUE","action":"Initial GetUpdates", "result":""}
{"logTime": "0409/165705", "correlationVector":"pjnLaGs/V/2UNaO3DtiaUE.1","action":"SyncServerConnectionManagerRequest", "result":"SYNC_SERVER_OK", "context":{"environment":"48F630A6-CB1B-4CC7-86AF-0F6627234B58|106", "server":"AM3PEPF00000994"}}
{"logTime": "0409/165705", "correlationVector":"pjnLaGs/V/2UNaO3DtiaUE.2","action":"GetUpdates Response", "result":"SERVER_MORE_TO_DOWNLOAD"}
{"logTime": "0409/165705", "correlationVector":"i7wlk3XJ4zwe8gTSJODKuJ","action":"Initial GetUpdates", "result":""}
{"logTime": "0409/165706", "correlationVector":"i7wlk3XJ4zwe8gTSJODKuJ.1","action":"SyncServerConnectionManagerRequest", "result":"SYNC_SERVER_OK", "context":{"environment":"48F630A6-CB1B-4CC7-86AF-0F6627234B58|106", "server":"AM3PEPF00000994"}}
{"logTime": "0409/165706", "correlationVector":"i7wlk3XJ4zwe8gTSJODKuJ.2","action":"GetUpdates Response", "result":"SERVER_MORE_TO_DOWNLOAD"}
{"logTime": "0409/165706", "correlationVector":"01KISyo7ptU1I//k1yBRPP","action":"Initial GetUpdates", "result":""}
{"logTime": "0409/165709", "correlationVector":"01KISyo7ptU1I//k1yBRPP.1","action":"SyncServerConnectionManagerRequest", "result":"SYNC_SERVER_OK", "context":{"environment":"48F630A6-CB1B-4CC7-86AF-0F6627234B58|106", "server":"AM3PEPF00000994"}}
{"logTime": "0409/165709", "correlationVector":"01KISyo7ptU1I//k1yBRPP.2","action":"GetUpdates Response", "result":"SERVER_MORE_TO_DOWNLOAD"}
{"logTime": "0409/165709", "correlationVector":"NJiEWJe3aElfdUzHEj0W49","action":"Initial GetUpdates", "result":""}
{"logTime": "0409/165710", "correlationVector":"NJiEWJe3aElfdUzHEj0W49.1","action":"SyncServerConnectionManagerRequest", "result":"SYNC_SERVER_OK", "context":{"environment":"48F630A6-CB1B-4CC7-86AF-0F6627234B58|106", "server":"AM3PEPF00000994"}}
{"logTime": "0409/165710", "correlationVector":"NJiEWJe3aElfdUzHEj0W49.2","action":"GetUpdates Response", "result":"SERVER_MORE_TO_DOWNLOAD"}
{"logTime": "0409/165710", "correlationVector":"4cHZd4HR37zQd1bp6iHF2Q","action":"Initial GetUpdates", "result":""}
{"logTime": "0409/165712", "correlationVector":"4cHZd4HR37zQd1bp6iHF2Q.1","action":"SyncServerConnectionManagerRequest", "result":"SYNC_SERVER_OK", "context":{"environment":"48F630A6-CB1B-4CC7-86AF-0F6627234B58|106", "server":"AM3PEPF00000994"}}
{"logTime": "0409/165712", "correlationVector":"4cHZd4HR37zQd1bp6iHF2Q.2","action":"GetUpdates Response", "result":"SERVER_MORE_TO_DOWNLOAD"}
{"logTime": "0409/165712", "correlationVector":"8ZA6xNgi4L/epKYIiVLv27","action":"Initial GetUpdates", "result":""}
{"logTime": "0409/165715", "correlationVector":"8ZA6xNgi4L/epKYIiVLv27.1","action":"SyncServerConnectionManagerRequest", "result":"SYNC_SERVER_OK", "context":{"environment":"48F630A6-CB1B-4CC7-86AF-0F6627234B58|106", "server":"AM3PEPF00000994"}}
{"logTime": "0409/165715", "correlationVector":"8ZA6xNgi4L/epKYIiVLv27.2","action":"GetUpdates Response", "result":"SERVER_MORE_TO_DOWNLOAD"}
{"logTime": "0409/165715", "correlationVector":"rHPa7YrtOXp64fPeJ/e+X5","action":"Initial GetUpdates", "result":""}
{"logTime": "0409/165717", "correlationVector":"rHPa7YrtOXp64fPeJ/e+X5.1","action":"SyncServerConnectionManagerRequest", "result":"SYNC_SERVER_OK", "context":{"environment":"48F630A6-CB1B-4CC7-86AF-0F6627234B58|106", "server":"AM3PEPF00000994"}}
{"logTime": "0409/165717", "correlationVector":"rHPa7YrtOXp64fPeJ/e+X5.2","action":"GetUpdates Response", "result":"SERVER_MORE_TO_DOWNLOAD"}
{"logTime": "0409/165717", "correlationVector":"hY06szuYC1q8y7d+6DTuEa","action":"Initial GetUpdates", "result":""}
{"logTime": "0409/165718", "correlationVector":"hY06szuYC1q8y7d+6DTuEa.1","action":"SyncServerConnectionManagerRequest", "result":"SYNC_SERVER_OK", "context":{"environment":"48F630A6-CB1B-4CC7-86AF-0F6627234B58|106", "server":"AM3PEPF00000994"}}
{"logTime": "0409/165718", "correlationVector":"hY06szuYC1q8y7d+6DTuEa.2","action":"GetUpdates Response", "result":"SERVER_MORE_TO_DOWNLOAD"}
{"logTime": "0409/165718", "correlationVector":"Qm9q8u8G2FF6S58/Cgl634","action":"Initial GetUpdates", "result":""}
{"logTime": "0409/165720", "correlationVector":"Qm9q8u8G2FF6S58/Cgl634.1","action":"SyncServerConnectionManagerRequest", "result":"SYNC_SERVER_OK", "context":{"environment":"48F630A6-CB1B-4CC7-86AF-0F6627234B58|106", "server":"AM3PEPF00000994"}}
{"logTime": "0409/165720", "correlationVector":"Qm9q8u8G2FF6S58/Cgl634.2","action":"GetUpdates Response", "result":"SERVER_MORE_TO_DOWNLOAD"}
{"logTime": "0409/165720", "correlationVector":"RhOT4vrkm4PnZSYJkGIkeL","action":"Initial GetUpdates", "result":""}
{"logTime": "0409/165722", "correlationVector":"RhOT4vrkm4PnZSYJkGIkeL.1","action":"SyncServerConnectionManagerRequest", "result":"SYNC_SERVER_OK", "context":{"environment":"48F630A6-CB1B-4CC7-86AF-0F6627234B58|106", "server":"AM3PEPF00000994"}}
{"logTime": "0409/165722", "correlationVector":"RhOT4vrkm4PnZSYJkGIkeL.2","action":"GetUpdates Response", "result":"SERVER_MORE_TO_DOWNLOAD"}
{"logTime": "0409/165722", "correlationVector":"khVoy5YAAn7fPIWIPCxFsD","action":"Initial GetUpdates", "result":""}
{"logTime": "0409/165724", "correlationVector":"khVoy5YAAn7fPIWIPCxFsD.1","action":"SyncServerConnectionManagerRequest", "result":"SYNC_SERVER_OK", "context":{"environment":"48F630A6-CB1B-4CC7-86AF-0F6627234B58|106", "server":"AM3PEPF00000994"}}
{"logTime": "0409/165724", "correlationVector":"khVoy5YAAn7fPIWIPCxFsD.2","action":"GetUpdates Response", "result":"SERVER_MORE_TO_DOWNLOAD"}
{"logTime": "0409/165724", "correlationVector":"5PRv5A4vaRS6AaMmB8zZ8N","action":"Initial GetUpdates", "result":""}
{"logTime": "0409/165726", "correlationVector":"5PRv5A4vaRS6AaMmB8zZ8N.1","action":"SyncServerConnectionManagerRequest", "result":"SYNC_SERVER_OK", "context":{"environment":"48F630A6-CB1B-4CC7-86AF-0F6627234B58|106", "server":"AM3PEPF00000994"}}
{"logTime": "0409/165726", "correlationVector":"5PRv5A4vaRS6AaMmB8zZ8N.2","action":"GetUpdates Response", "result":"SERVER_MORE_TO_DOWNLOAD"}
{"logTime": "0409/165726", "correlationVector":"u751Me39w8HAmPDEVP5VtR","action":"Initial GetUpdates", "result":""}
{"logTime": "0409/165727", "correlationVector":"u751Me39w8HAmPDEVP5VtR.1","action":"SyncServerConnectionManagerRequest", "result":"SYNC_SERVER_OK", "context":{"environment":"48F630A6-CB1B-4CC7-86AF-0F6627234B58|106", "server":"AM3PEPF00000994"}}
{"logTime": "0409/165727", "correlationVector":"u751Me39w8HAmPDEVP5VtR.2","action":"GetUpdates Response", "result":"SERVER_MORE_TO_DOWNLOAD"}
{"logTime": "0409/165727", "correlationVector":"V0hP0VWJpxLTu7HtsPelsF","action":"Initial GetUpdates", "result":""}
{"logTime": "0409/165729", "correlationVector":"V0hP0VWJpxLTu7HtsPelsF.1","action":"SyncServerConnectionManagerRequest", "result":"SYNC_SERVER_OK", "context":{"environment":"48F630A6-CB1B-4CC7-86AF-0F6627234B58|106", "server":"AM3PEPF00000994"}}
{"logTime": "0409/165729", "correlationVector":"V0hP0VWJpxLTu7HtsPelsF.2","action":"GetUpdates Response", "result":"SERVER_MORE_TO_DOWNLOAD"}
{"logTime": "0409/165729", "correlationVector":"AXqILuJkUDR3PfnCDReMd9","action":"Initial GetUpdates", "result":""}
{"logTime": "0409/165731", "correlationVector":"AXqILuJkUDR3PfnCDReMd9.1","action":"SyncServerConnectionManagerRequest", "result":"SYNC_SERVER_OK", "context":{"environment":"48F630A6-CB1B-4CC7-86AF-0F6627234B58|106", "server":"AM3PEPF00000994"}}
{"logTime": "0409/165731", "correlationVector":"AXqILuJkUDR3PfnCDReMd9.2","action":"GetUpdates Response", "result":"SERVER_MORE_TO_DOWNLOAD"}
{"logTime": "0409/165731", "correlationVector":"W1w/Ytl7brae9xvHDAw7wS","action":"Initial GetUpdates", "result":""}
{"logTime": "0409/165732", "correlationVector":"W1w/Ytl7brae9xvHDAw7wS.1","action":"SyncServerConnectionManagerRequest", "result":"SYNC_SERVER_OK", "context":{"environment":"48F630A6-CB1B-4CC7-86AF-0F6627234B58|106", "server":"AM3PEPF00000994"}}
{"logTime": "0409/165732", "correlationVector":"W1w/Ytl7brae9xvHDAw7wS.2","action":"GetUpdates Response", "result":"SERVER_MORE_TO_DOWNLOAD"}
{"logTime": "0409/165732", "correlationVector":"Of/l22xYg/gE8iHor/ii4s","action":"Initial GetUpdates", "result":""}
{"logTime": "0409/165734", "correlationVector":"Of/l22xYg/gE8iHor/ii4s.1","action":"SyncServerConnectionManagerRequest", "result":"SYNC_SERVER_OK", "context":{"environment":"48F630A6-CB1B-4CC7-86AF-0F6627234B58|106", "server":"AM3PEPF00000994"}}
{"logTime": "0409/165734", "correlationVector":"Of/l22xYg/gE8iHor/ii4s.2","action":"GetUpdates Response", "result":"SERVER_MORE_TO_DOWNLOAD"}
{"logTime": "0409/165734", "correlationVector":"EEqrnEfvqmR3NnbaCjVIGs","action":"Initial GetUpdates", "result":""}
{"logTime": "0409/165735", "correlationVector":"EEqrnEfvqmR3NnbaCjVIGs.1","action":"SyncServerConnectionManagerRequest", "result":"SYNC_SERVER_OK", "context":{"environment":"48F630A6-CB1B-4CC7-86AF-0F6627234B58|106", "server":"AM3PEPF00000994"}}
{"logTime": "0409/165735", "correlationVector":"EEqrnEfvqmR3NnbaCjVIGs.2","action":"GetUpdates Response", "result":"SERVER_MORE_TO_DOWNLOAD"}
{"logTime": "0409/165735", "correlationVector":"RrkDb1aBBqAfzHraYoIaNh","action":"Initial GetUpdates", "result":""}
{"logTime": "0409/165737", "correlationVector":"RrkDb1aBBqAfzHraYoIaNh.1","action":"SyncServerConnectionManagerRequest", "result":"SYNC_SERVER_OK", "context":{"environment":"48F630A6-CB1B-4CC7-86AF-0F6627234B58|106", "server":"AM3PEPF00000994"}}
{"logTime": "0409/165737", "correlationVector":"RrkDb1aBBqAfzHraYoIaNh.2","action":"GetUpdates Response", "result":"SERVER_MORE_TO_DOWNLOAD"}
{"logTime": "0409/165737", "correlationVector":"FR32AKmuJd8Q1NFwCVCREA","action":"Initial GetUpdates", "result":""}
{"logTime": "0409/165738", "correlationVector":"FR32AKmuJd8Q1NFwCVCREA.1","action":"SyncServerConnectionManagerRequest", "result":"SYNC_SERVER_OK", "context":{"environment":"48F630A6-CB1B-4CC7-86AF-0F6627234B58|106", "server":"AM3PEPF00000994"}}
{"logTime": "0409/165738", "correlationVector":"FR32AKmuJd8Q1NFwCVCREA.2","action":"GetUpdates Response", "result":"SERVER_MORE_TO_DOWNLOAD"}
{"logTime": "0409/165738", "correlationVector":"atoCmKSK7MkqgX3yL0j5Ab","action":"Initial GetUpdates", "result":""}
{"logTime": "0409/165739", "correlationVector":"atoCmKSK7MkqgX3yL0j5Ab.1","action":"SyncServerConnectionManagerRequest", "result":"SYNC_SERVER_OK", "context":{"environment":"48F630A6-CB1B-4CC7-86AF-0F6627234B58|106", "server":"AM3PEPF00000994"}}
{"logTime": "0409/165739", "correlationVector":"atoCmKSK7MkqgX3yL0j5Ab.2","action":"GetUpdates Response", "result":"SERVER_MORE_TO_DOWNLOAD"}
{"logTime": "0409/165739", "correlationVector":"fiKFH1unSmJ9EGGr3x0nJ0","action":"Initial GetUpdates", "result":""}
{"logTime": "0409/165739", "correlationVector":"fiKFH1unSmJ9EGGr3x0nJ0.1","action":"SyncServerConnectionManagerRequest", "result":"SYNC_SERVER_OK", "context":{"environment":"48F630A6-CB1B-4CC7-86AF-0F6627234B58|106", "server":"AM3PEPF00000994"}}
{"logTime": "0409/165739", "correlationVector":"fiKFH1unSmJ9EGGr3x0nJ0.2","action":"GetUpdates Response", "result":"SYNCER_OK"}
{"logTime": "0409/165740", "correlationVector":"kOamdu6GEJ896XFZQMuPCL","action":"Normal GetUpdate request", "result":""}
{"logTime": "0409/165740", "correlationVector":"kOamdu6GEJ896XFZQMuPCL.1","action":"SyncServerConnectionManagerRequest", "result":"SYNC_SERVER_OK", "context":{"environment":"48F630A6-CB1B-4CC7-86AF-0F6627234B58|106", "server":"AM3PEPF00000994"}}
{"logTime": "0409/165740", "correlationVector":"kOamdu6GEJ896XFZQMuPCL.2","action":"GetUpdates Response", "result":"SYNCER_OK"}
{"logTime": "0409/165741", "correlationVector":"Jx9jqHXi6/JM22I6kYCcv3","action":"Commit Request", "result":""}
{"logTime": "0409/165742", "correlationVector":"Jx9jqHXi6/JM22I6kYCcv3.1","action":"SyncServerConnectionManagerRequest", "result":"SYNC_SERVER_OK", "context":{"environment":"48F630A6-CB1B-4CC7-86AF-0F6627234B58|106", "server":"AM3PEPF00000994"}}
{"logTime": "0409/165742", "correlationVector":"Jx9jqHXi6/JM22I6kYCcv3.2","action":"Commit Response", "result":"SYNCER_OK"}
{"logTime": "0409/165743", "correlationVector":"4buc3cQDR86qiiOSdG4wss","action":"Commit Request", "result":""}
{"logTime": "0409/165745", "correlationVector":"4buc3cQDR86qiiOSdG4wss.1","action":"SyncServerConnectionManagerRequest", "result":"SYNC_SERVER_OK", "context":{"environment":"48F630A6-CB1B-4CC7-86AF-0F6627234B58|106", "server":"AM3PEPF00000994"}}
{"logTime": "0409/165745", "correlationVector":"4buc3cQDR86qiiOSdG4wss.2","action":"Commit Response", "result":"SYNCER_OK"}
{"logTime": "0409/165858", "correlationVector":"yLHGHnfdkrhi0rsRmV7SQ7","action":"Commit Request", "result":""}
{"logTime": "0409/165859", "correlationVector":"yLHGHnfdkrhi0rsRmV7SQ7.1","action":"SyncServerConnectionManagerRequest", "result":"SYNC_SERVER_OK", "context":{"environment":"48F630A6-CB1B-4CC7-86AF-0F6627234B58|106", "server":"AM3PEPF00000994"}}
{"logTime": "0409/165859", "correlationVector":"yLHGHnfdkrhi0rsRmV7SQ7.2","action":"Commit Response", "result":"SYNCER_OK"}
{"logTime": "0409/165929", "correlationVector":"lxnpip2cagET7ZmrJKFDlr","action":"Commit Request", "result":""}
{"logTime": "0409/165930", "correlationVector":"lxnpip2cagET7ZmrJKFDlr.1","action":"SyncServerConnectionManagerRequest", "result":"SYNC_SERVER_OK", "context":{"environment":"48F630A6-CB1B-4CC7-86AF-0F6627234B58|106", "server":"AM3PEPF00000994"}}
{"logTime": "0409/165930", "correlationVector":"lxnpip2cagET7ZmrJKFDlr.2","action":"Commit Response", "result":"SYNCER_OK"}
{"logTime": "0409/170008", "correlationVector":"LX7HnDuYWOXXSFO3ZkHKaT","action":"Commit Request", "result":""}
{"logTime": "0409/170009", "correlationVector":"LX7HnDuYWOXXSFO3ZkHKaT.1","action":"SyncServerConnectionManagerRequest", "result":"SYNC_SERVER_OK", "context":{"environment":"48F630A6-CB1B-4CC7-86AF-0F6627234B58|106", "server":"AM3PEPF00000994"}}
{"logTime": "0409/170009", "correlationVector":"LX7HnDuYWOXXSFO3ZkHKaT.2","action":"Commit Response", "result":"SYNCER_OK"}
{"logTime": "0409/175831", "correlationVector":"gYqBLLNVGn2twg0a7JUVP3.0","action":"FeedSettingFetch_homeCloud", "result":"0", "context":{}}
{"logTime": "0409/175831", "correlationVector":"q786Ip/r9cj9/A+T454j06","action":"Normal GetUpdate request", "result":""}
{"logTime": "0409/175831", "correlationVector":"q786Ip/r9cj9/A+T454j06.1","action":"SyncServerConnectionManagerRequest", "result":"SYNC_SERVER_OK", "context":{"environment":"48F630A6-CB1B-4CC7-86AF-0F6627234B58|106", "server":"AM3PEPF00000976"}}
{"logTime": "0409/175831", "correlationVector":"q786Ip/r9cj9/A+T454j06.2","action":"GetUpdates Response", "result":"SYNCER_OK"}
{"logTime": "0409/175831", "correlationVector":"PHTmyW9sijvtf7aEqfz3w/","action":"Commit Request", "result":""}
{"logTime": "0409/175831", "correlationVector":"PHTmyW9sijvtf7aEqfz3w/.1","action":"SyncServerConnectionManagerRequest", "result":"SYNC_SERVER_OK", "context":{"environment":"48F630A6-CB1B-4CC7-86AF-0F6627234B58|106", "server":"AM3PEPF00000976"}}
{"logTime": "0409/175831", "correlationVector":"PHTmyW9sijvtf7aEqfz3w/.2","action":"Commit Response", "result":"SYNCER_OK"}
{"logTime": "0409/175901", "correlationVector":"byC9TvtX3D2kK2pLFFxU17","action":"Commit Request", "result":""}
{"logTime": "0409/175902", "correlationVector":"byC9TvtX3D2kK2pLFFxU17.1","action":"SyncServerConnectionManagerRequest", "result":"SYNC_SERVER_OK", "context":{"environment":"48F630A6-CB1B-4CC7-86AF-0F6627234B58|106", "server":"AM3PEPF00000976"}}
{"logTime": "0409/175902", "correlationVector":"byC9TvtX3D2kK2pLFFxU17.2","action":"Commit Response", "result":"SYNCER_OK"}
{"logTime": "0409/175937", "correlationVector":"HkYs04m+QotJ82fFvQDTRe","action":"Commit Request", "result":""}
{"logTime": "0409/175938", "correlationVector":"HkYs04m+QotJ82fFvQDTRe.1","action":"SyncServerConnectionManagerRequest", "result":"SYNC_SERVER_OK", "context":{"environment":"48F630A6-CB1B-4CC7-86AF-0F6627234B58|106", "server":"AM3PEPF00000976"}}
{"logTime": "0409/175938", "correlationVector":"HkYs04m+QotJ82fFvQDTRe.2","action":"Commit Response", "result":"SYNCER_OK"}
{"logTime": "0409/180039", "correlationVector":"3GAEH8PHwuPQxPPTJGUiaw","action":"Commit Request", "result":""}
{"logTime": "0409/180039", "correlationVector":"3GAEH8PHwuPQxPPTJGUiaw.1","action":"SyncServerConnectionManagerRequest", "result":"SYNC_SERVER_OK", "context":{"environment":"48F630A6-CB1B-4CC7-86AF-0F6627234B58|106", "server":"AM3PEPF00000976"}}
{"logTime": "0409/180039", "correlationVector":"3GAEH8PHwuPQxPPTJGUiaw.2","action":"Commit Response", "result":"SYNCER_OK"}
{"logTime": "0409/180228", "correlationVector":"KspdUayLQw8E78wQ3BvEtL","action":"Commit Request", "result":""}
{"logTime": "0409/180229", "correlationVector":"KspdUayLQw8E78wQ3BvEtL.1","action":"SyncServerConnectionManagerRequest", "result":"SYNC_SERVER_OK", "context":{"environment":"48F630A6-CB1B-4CC7-86AF-0F6627234B58|106", "server":"AM3PEPF00000976"}}
{"logTime": "0409/180229", "correlationVector":"KspdUayLQw8E78wQ3BvEtL.2","action":"Commit Response", "result":"SYNCER_OK"}
{"logTime": "0409/181229", "correlationVector":"Dy0UVKVopPTkdBZH2afNN7","action":"Commit Request", "result":""}
{"logTime": "0409/181230", "correlationVector":"Dy0UVKVopPTkdBZH2afNN7.1","action":"SyncServerConnectionManagerRequest", "result":"SYNC_SERVER_OK", "context":{"environment":"48F630A6-CB1B-4CC7-86AF-0F6627234B58|106", "server":"AM3PEPF000009AA"}}
{"logTime": "0409/181230", "correlationVector":"Dy0UVKVopPTkdBZH2afNN7.2","action":"Commit Response", "result":"SYNCER_OK"}
{"logTime": "0409/181307", "correlationVector":"J8CAka1N9lG71IJDunqUyg","action":"Commit Request", "result":""}
{"logTime": "0409/181308", "correlationVector":"J8CAka1N9lG71IJDunqUyg.1","action":"SyncServerConnectionManagerRequest", "result":"SYNC_SERVER_OK", "context":{"environment":"48F630A6-CB1B-4CC7-86AF-0F6627234B58|106", "server":"AM3PEPF000009AA"}}
{"logTime": "0409/181308", "correlationVector":"J8CAka1N9lG71IJDunqUyg.2","action":"Commit Response", "result":"SYNCER_OK"}
{"logTime": "0409/181339", "correlationVector":"S3QnAtm1uzxSwcovcFAq6O","action":"Commit Request", "result":""}
{"logTime": "0409/181339", "correlationVector":"S3QnAtm1uzxSwcovcFAq6O.1","action":"SyncServerConnectionManagerRequest", "result":"SYNC_SERVER_OK", "context":{"environment":"48F630A6-CB1B-4CC7-86AF-0F6627234B58|106", "server":"AM3PEPF000009AA"}}
{"logTime": "0409/181339", "correlationVector":"S3QnAtm1uzxSwcovcFAq6O.2","action":"Commit Response", "result":"SYNCER_OK"}
{"logTime": "0409/181809", "correlationVector":"XzA1YF0l9qJzSXpBGcaPM7","action":"Commit Request", "result":""}
{"logTime": "0409/181810", "correlationVector":"XzA1YF0l9qJzSXpBGcaPM7.1","action":"SyncServerConnectionManagerRequest", "result":"SYNC_SERVER_OK", "context":{"environment":"48F630A6-CB1B-4CC7-86AF-0F6627234B58|106", "server":"AM3PEPF00000986"}}
{"logTime": "0409/181810", "correlationVector":"XzA1YF0l9qJzSXpBGcaPM7.2","action":"Commit Response", "result":"SYNCER_OK"}
{"logTime": "0409/182257", "correlationVector":"Ds/KAlL5Mg9s+JayMZXmlB","action":"Commit Request", "result":""}
{"logTime": "0409/182258", "correlationVector":"Ds/KAlL5Mg9s+JayMZXmlB.1","action":"SyncServerConnectionManagerRequest", "result":"SYNC_SERVER_OK", "context":{"environment":"48F630A6-CB1B-4CC7-86AF-0F6627234B58|106", "server":"AM3PEPF00000987"}}
{"logTime": "0409/182258", "correlationVector":"Ds/KAlL5Mg9s+JayMZXmlB.2","action":"Commit Response", "result":"SYNCER_OK"}
{"logTime": "0409/182512", "correlationVector":"juS4YsC1EvtyW6ri+ob+NX","action":"Commit Request", "result":""}
{"logTime": "0409/182512", "correlationVector":"juS4YsC1EvtyW6ri+ob+NX.1","action":"SyncServerConnectionManagerRequest", "result":"SYNC_SERVER_OK", "context":{"environment":"48F630A6-CB1B-4CC7-86AF-0F6627234B58|106", "server":"AM3PEPF00000984"}}
{"logTime": "0409/182512", "correlationVector":"juS4YsC1EvtyW6ri+ob+NX.2","action":"Commit Response", "result":"SYNCER_OK"}
{"logTime": "0409/182614", "correlationVector":"a5kDGlZd6FAfkclDiEQO1G","action":"Commit Request", "result":""}
{"logTime": "0409/182615", "correlationVector":"a5kDGlZd6FAfkclDiEQO1G.1","action":"SyncServerConnectionManagerRequest", "result":"SYNC_SERVER_OK", "context":{"environment":"48F630A6-CB1B-4CC7-86AF-0F6627234B58|106", "server":"AM3PEPF00000984"}}
{"logTime": "0409/182615", "correlationVector":"a5kDGlZd6FAfkclDiEQO1G.2","action":"Commit Response", "result":"SYNCER_OK"}
{"logTime": "0409/182831", "correlationVector":"jzoIvob7oXyCLQO3sb05Ak","action":"Commit Request", "result":""}
{"logTime": "0409/182832", "correlationVector":"jzoIvob7oXyCLQO3sb05Ak.1","action":"SyncServerConnectionManagerRequest", "result":"SYNC_SERVER_OK", "context":{"environment":"48F630A6-CB1B-4CC7-86AF-0F6627234B58|106", "server":"AM3PEPF0000097C"}}
{"logTime": "0409/182832", "correlationVector":"jzoIvob7oXyCLQO3sb05Ak.2","action":"Commit Response", "result":"SYNCER_OK"}
{"logTime": "0409/182905", "correlationVector":"ACKzewztF6tuHXDl4uY4CX","action":"Commit Request", "result":""}
{"logTime": "0409/182906", "correlationVector":"ACKzewztF6tuHXDl4uY4CX.1","action":"SyncServerConnectionManagerRequest", "result":"SYNC_SERVER_OK", "context":{"environment":"48F630A6-CB1B-4CC7-86AF-0F6627234B58|106", "server":"AM3PEPF0000097C"}}
{"logTime": "0409/182906", "correlationVector":"ACKzewztF6tuHXDl4uY4CX.2","action":"Commit Response", "result":"SYNCER_OK"}
{"logTime": "0409/191133", "correlationVector":"BK/gb0gTdjNKTJ3JW+YSBW.0","action":"FeedSettingFetch_homeCloud", "result":"0", "context":{}}
{"logTime": "0409/191133", "correlationVector":"gCo3wD8aodhAofQkidzCaA","action":"Normal GetUpdate request", "result":""}
{"logTime": "0409/191133", "correlationVector":"gCo3wD8aodhAofQkidzCaA.1","action":"SyncServerConnectionManagerRequest", "result":"SYNC_SERVER_OK", "context":{"environment":"48F630A6-CB1B-4CC7-86AF-0F6627234B58|106", "server":"AM3PEPF000009A8"}}
{"logTime": "0409/191133", "correlationVector":"gCo3wD8aodhAofQkidzCaA.2","action":"GetUpdates Response", "result":"SYNCER_OK"}
{"logTime": "0409/191133", "correlationVector":"B9mcBzuZGyl7iA3LKDyZQc","action":"Commit Request", "result":""}
{"logTime": "0409/191133", "correlationVector":"B9mcBzuZGyl7iA3LKDyZQc.1","action":"SyncServerConnectionManagerRequest", "result":"SYNC_SERVER_OK", "context":{"environment":"48F630A6-CB1B-4CC7-86AF-0F6627234B58|106", "server":"AM3PEPF000009A8"}}
{"logTime": "0409/191133", "correlationVector":"B9mcBzuZGyl7iA3LKDyZQc.2","action":"Commit Response", "result":"SYNCER_OK"}
{"logTime": "0409/191305", "correlationVector":"S5P/yMMqCgYH/zuPg4WXzs","action":"Commit Request", "result":""}
{"logTime": "0409/191306", "correlationVector":"S5P/yMMqCgYH/zuPg4WXzs.1","action":"SyncServerConnectionManagerRequest", "result":"SYNC_SERVER_OK", "context":{"environment":"48F630A6-CB1B-4CC7-86AF-0F6627234B58|106", "server":"AM3PEPF000009A8"}}
{"logTime": "0409/191306", "correlationVector":"S5P/yMMqCgYH/zuPg4WXzs.2","action":"Commit Response", "result":"SYNCER_OK"}
{"logTime": "0409/191357", "correlationVector":"SgI24aVf8ylb6GfSh6hQCx.0","action":"FeedSettingFetch_homeCloud", "result":"0", "context":{}}
{"logTime": "0409/191357", "correlationVector":"X4NDm+6K9cNyTfU+Y20mJg","action":"History lookup request", "result":""}
{"logTime": "0409/191357", "correlationVector":"X4NDm+6K9cNyTfU+Y20mJg.0","action":"History lookup response", "result":"200", "context":{"server":"AM3PEPF0000096D"}}
{"logTime": "0409/191430", "correlationVector":"za8i0DilU03//NPHY/+tUC","action":"Commit Request", "result":""}
{"logTime": "0409/191432", "correlationVector":"za8i0DilU03//NPHY/+tUC.1","action":"SyncServerConnectionManagerRequest", "result":"SYNC_SERVER_OK", "context":{"environment":"48F630A6-CB1B-4CC7-86AF-0F6627234B58|106", "server":"AM3PEPF000009A8"}}
{"logTime": "0409/191432", "correlationVector":"za8i0DilU03//NPHY/+tUC.2","action":"Commit Response", "result":"SYNCER_OK"}
{"logTime": "0409/191635", "correlationVector":"fkWVP/wQViqSj0Y+b1g69/","action":"Commit Request", "result":""}
{"logTime": "0409/191636", "correlationVector":"fkWVP/wQViqSj0Y+b1g69/.1","action":"SyncServerConnectionManagerRequest", "result":"SYNC_SERVER_OK", "context":{"environment":"48F630A6-CB1B-4CC7-86AF-0F6627234B58|106", "server":"AM3PEPF0000099E"}}
{"logTime": "0409/191636", "correlationVector":"fkWVP/wQViqSj0Y+b1g69/.2","action":"Commit Response", "result":"SYNCER_OK"}
{"logTime": "0409/191706", "correlationVector":"Zok+L6c6z3yz9k16utDPgb","action":"Commit Request", "result":""}
{"logTime": "0409/191706", "correlationVector":"Zok+L6c6z3yz9k16utDPgb.1","action":"SyncServerConnectionManagerRequest", "result":"SYNC_SERVER_OK", "context":{"environment":"48F630A6-CB1B-4CC7-86AF-0F6627234B58|106", "server":"AM3PEPF0000099E"}}
{"logTime": "0409/191706", "correlationVector":"Zok+L6c6z3yz9k16utDPgb.2","action":"Commit Response", "result":"SYNCER_OK"}
{"logTime": "0409/191853", "correlationVector":"OS+S5WYzqBXlth44agl+N3","action":"Commit Request", "result":""}
{"logTime": "0409/191854", "correlationVector":"OS+S5WYzqBXlth44agl+N3.1","action":"SyncServerConnectionManagerRequest", "result":"SYNC_SERVER_OK", "context":{"environment":"48F630A6-CB1B-4CC7-86AF-0F6627234B58|106", "server":"AM3PEPF0000099E"}}
{"logTime": "0409/191854", "correlationVector":"OS+S5WYzqBXlth44agl+N3.2","action":"Commit Response", "result":"SYNCER_OK"}
{"logTime": "0409/192858", "correlationVector":"eNqHmiWkxy89bRvSeqNehj","action":"Commit Request", "result":""}
{"logTime": "0409/192859", "correlationVector":"eNqHmiWkxy89bRvSeqNehj.1","action":"SyncServerConnectionManagerRequest", "result":"SYNC_SERVER_OK", "context":{"environment":"48F630A6-CB1B-4CC7-86AF-0F6627234B58|106", "server":"AM3PEPF00000993"}}
{"logTime": "0409/192859", "correlationVector":"eNqHmiWkxy89bRvSeqNehj.2","action":"Commit Response", "result":"SYNCER_OK"}
{"logTime": "0409/223334", "correlationVector":"awBYLvwqJKW8gVpwMKGag/.0","action":"FeedSettingFetch_homeCloud", "result":"0", "context":{}}
{"logTime": "0409/223338", "correlationVector":"tWFqtFadfApQj0uhN6AQRH","action":"Normal GetUpdate request", "result":""}
{"logTime": "0409/223338", "correlationVector":"tWFqtFadfApQj0uhN6AQRH.1","action":"SyncServerConnectionManagerRequest", "result":"SYNC_SERVER_OK", "context":{"environment":"48F630A6-CB1B-4CC7-86AF-0F6627234B58|106", "server":"AM3PEPF0000099A"}}
{"logTime": "0409/223338", "correlationVector":"tWFqtFadfApQj0uhN6AQRH.2","action":"GetUpdates Response", "result":"SYNCER_OK"}
{"logTime": "0409/223340", "correlationVector":"quix7GxO7fZMtK9dZf/Itx","action":"Commit Request", "result":""}
{"logTime": "0409/223341", "correlationVector":"quix7GxO7fZMtK9dZf/Itx","action":"SyncServerConnectionManagerRequest", "result":"CONNECTION_UNAVAILABLE", "context":{"error_type":"net_error_code", "error_value":"-2"}}
{"logTime": "0409/223526", "correlationVector":"9pm0iwvWu6LFNaUd2gueQB.0","action":"FeedSettingFetch_homeCloud", "result":"0", "context":{}}
{"logTime": "0409/223528", "correlationVector":"DPtp3EMqAezcr/cWfTAXK2","action":"Normal GetUpdate request", "result":""}
{"logTime": "0409/223528", "correlationVector":"DPtp3EMqAezcr/cWfTAXK2.1","action":"SyncServerConnectionManagerRequest", "result":"SYNC_SERVER_OK", "context":{"environment":"48F630A6-CB1B-4CC7-86AF-0F6627234B58|106", "server":"AM3PEPF00000985"}}
{"logTime": "0409/223528", "correlationVector":"DPtp3EMqAezcr/cWfTAXK2.2","action":"GetUpdates Response", "result":"SYNCER_OK"}
{"logTime": "0409/223612", "correlationVector":"vqhGjY4IHKjgksVouDvog6","action":"Commit Request", "result":""}
{"logTime": "0409/223612", "correlationVector":"vqhGjY4IHKjgksVouDvog6.1","action":"SyncServerConnectionManagerRequest", "result":"SYNC_SERVER_OK", "context":{"environment":"48F630A6-CB1B-4CC7-86AF-0F6627234B58|106", "server":"AM3PEPF00000985"}}
{"logTime": "0409/223612", "correlationVector":"vqhGjY4IHKjgksVouDvog6.2","action":"Commit Response", "result":"SYNCER_OK"}
{"logTime": "0409/223646", "correlationVector":"gm1F+hMfc4zPpIsGT7WQvn","action":"Commit Request", "result":""}
{"logTime": "0409/223647", "correlationVector":"gm1F+hMfc4zPpIsGT7WQvn.1","action":"SyncServerConnectionManagerRequest", "result":"SYNC_SERVER_OK", "context":{"environment":"48F630A6-CB1B-4CC7-86AF-0F6627234B58|106", "server":"AM3PEPF00000985"}}
{"logTime": "0409/223647", "correlationVector":"gm1F+hMfc4zPpIsGT7WQvn.2","action":"Commit Response", "result":"SYNCER_OK"}
{"logTime": "0409/224553", "correlationVector":"DSbrf/y+avUIkpckTVp1Tl.0","action":"FeedSettingFetch_homeCloud", "result":"0", "context":{}}
{"logTime": "0409/224556", "correlationVector":"al0mfowzYPKtEE1x1uHX9B","action":"Normal GetUpdate request", "result":""}
{"logTime": "0409/224556", "correlationVector":"al0mfowzYPKtEE1x1uHX9B.1","action":"SyncServerConnectionManagerRequest", "result":"SYNC_SERVER_OK", "context":{"environment":"48F630A6-CB1B-4CC7-86AF-0F6627234B58|106", "server":"AM3PEPF0000099B"}}
{"logTime": "0409/224556", "correlationVector":"al0mfowzYPKtEE1x1uHX9B.2","action":"GetUpdates Response", "result":"SYNCER_OK"}
{"logTime": "0409/224558", "correlationVector":"6G8mU8FItmeQm+ma0sVVTt","action":"Commit Request", "result":""}
{"logTime": "0409/224558", "correlationVector":"6G8mU8FItmeQm+ma0sVVTt.1","action":"SyncServerConnectionManagerRequest", "result":"SYNC_SERVER_OK", "context":{"environment":"48F630A6-CB1B-4CC7-86AF-0F6627234B58|106", "server":"AM3PEPF0000099B"}}
{"logTime": "0409/224558", "correlationVector":"6G8mU8FItmeQm+ma0sVVTt.2","action":"Commit Response", "result":"SYNCER_OK"}
{"logTime": "0409/224741", "correlationVector":"YomkpVUxhNnGj5bNrDrvPP","action":"Commit Request", "result":""}
{"logTime": "0409/224741", "correlationVector":"YomkpVUxhNnGj5bNrDrvPP.1","action":"SyncServerConnectionManagerRequest", "result":"SYNC_SERVER_OK", "context":{"environment":"48F630A6-CB1B-4CC7-86AF-0F6627234B58|106", "server":"AM3PEPF0000099B"}}
{"logTime": "0409/224741", "correlationVector":"YomkpVUxhNnGj5bNrDrvPP.2","action":"Commit Response", "result":"SYNCER_OK"}
{"logTime": "0409/224952", "correlationVector":"QI9ITKQNv44U55in5NrA4V","action":"Commit Request", "result":""}
{"logTime": "0409/224953", "correlationVector":"QI9ITKQNv44U55in5NrA4V.1","action":"SyncServerConnectionManagerRequest", "result":"SYNC_SERVER_OK", "context":{"environment":"48F630A6-CB1B-4CC7-86AF-0F6627234B58|106", "server":"AM3PEPF0000098F"}}
{"logTime": "0409/224953", "correlationVector":"QI9ITKQNv44U55in5NrA4V.2","action":"Commit Response", "result":"SYNCER_OK"}
{"logTime": "0409/225023", "correlationVector":"MwcHg0IxThLO+B/Yznkk3O","action":"Commit Request", "result":""}
{"logTime": "0409/225023", "correlationVector":"MwcHg0IxThLO+B/Yznkk3O.1","action":"SyncServerConnectionManagerRequest", "result":"SYNC_SERVER_OK", "context":{"environment":"48F630A6-CB1B-4CC7-86AF-0F6627234B58|106", "server":"AM3PEPF0000098F"}}
{"logTime": "0409/225023", "correlationVector":"MwcHg0IxThLO+B/Yznkk3O.2","action":"Commit Response", "result":"SYNCER_OK"}
{"logTime": "0409/225503", "correlationVector":"HTzQqLDQQLiyKQTWn9AsaH.0","action":"FeedSettingFetch_homeCloud", "result":"0", "context":{}}
{"logTime": "0409/225505", "correlationVector":"ou0G/YzV+ngf801Dk3MrO8","action":"Normal GetUpdate request", "result":""}
{"logTime": "0409/225505", "correlationVector":"ou0G/YzV+ngf801Dk3MrO8.1","action":"SyncServerConnectionManagerRequest", "result":"SYNC_SERVER_OK", "context":{"environment":"48F630A6-CB1B-4CC7-86AF-0F6627234B58|106", "server":"AM3PEPF000009A8"}}
{"logTime": "0409/225505", "correlationVector":"ou0G/YzV+ngf801Dk3MrO8.2","action":"GetUpdates Response", "result":"SYNCER_OK"}
{"logTime": "0409/225506", "correlationVector":"GFWzUXAd4UNeZDE1HWOSJw","action":"Commit Request", "result":""}
{"logTime": "0409/225507", "correlationVector":"GFWzUXAd4UNeZDE1HWOSJw.1","action":"SyncServerConnectionManagerRequest", "result":"SYNC_SERVER_OK", "context":{"environment":"48F630A6-CB1B-4CC7-86AF-0F6627234B58|106", "server":"AM3PEPF000009A8"}}
{"logTime": "0409/225507", "correlationVector":"GFWzUXAd4UNeZDE1HWOSJw.2","action":"Commit Response", "result":"SYNCER_OK"}
{"logTime": "0409/225537", "correlationVector":"kbEoIO5kqSYtywalyrWtxL","action":"Commit Request", "result":""}
{"logTime": "0409/225537", "correlationVector":"kbEoIO5kqSYtywalyrWtxL.1","action":"SyncServerConnectionManagerRequest", "result":"SYNC_SERVER_OK", "context":{"environment":"48F630A6-CB1B-4CC7-86AF-0F6627234B58|106", "server":"AM3PEPF000009A8"}}
{"logTime": "0409/225537", "correlationVector":"kbEoIO5kqSYtywalyrWtxL.2","action":"Commit Response", "result":"SYNCER_OK"}
{"logTime": "0409/225902", "correlationVector":"hjt+epqF9Ku33UnLy8OTOp","action":"Commit Request", "result":""}
{"logTime": "0409/225903", "correlationVector":"hjt+epqF9Ku33UnLy8OTOp.1","action":"SyncServerConnectionManagerRequest", "result":"SYNC_SERVER_OK", "context":{"environment":"48F630A6-CB1B-4CC7-86AF-0F6627234B58|106", "server":"AM3PEPF0000096D"}}
{"logTime": "0409/225903", "correlationVector":"hjt+epqF9Ku33UnLy8OTOp.2","action":"Commit Response", "result":"SYNCER_OK"}
{"logTime": "0409/230037", "correlationVector":"OS8B3Hvr0ZEpViJCERRTpp","action":"Commit Request", "result":""}
{"logTime": "0409/230038", "correlationVector":"OS8B3Hvr0ZEpViJCERRTpp.1","action":"SyncServerConnectionManagerRequest", "result":"SYNC_SERVER_OK", "context":{"environment":"48F630A6-CB1B-4CC7-86AF-0F6627234B58|106", "server":"AM3PEPF0000096D"}}
{"logTime": "0409/230038", "correlationVector":"OS8B3Hvr0ZEpViJCERRTpp.2","action":"Commit Response", "result":"SYNCER_OK"}
{"logTime": "0409/230113", "correlationVector":"bpzPKh1U1isoCPJTrT+ffZ","action":"Commit Request", "result":""}
{"logTime": "0409/230114", "correlationVector":"bpzPKh1U1isoCPJTrT+ffZ.1","action":"SyncServerConnectionManagerRequest", "result":"SYNC_SERVER_OK", "context":{"environment":"48F630A6-CB1B-4CC7-86AF-0F6627234B58|106", "server":"AM3PEPF0000096D"}}
{"logTime": "0409/230114", "correlationVector":"bpzPKh1U1isoCPJTrT+ffZ.2","action":"Commit Response", "result":"SYNCER_OK"}
{"logTime": "0409/230714", "correlationVector":"t912Xea0957x4c9dsmWYBm.0","action":"FeedSettingFetch_homeCloud", "result":"0", "context":{}}
{"logTime": "0409/230717", "correlationVector":"EjGm4v8KYFEUIvOvtzsF+R","action":"Normal GetUpdate request", "result":""}
{"logTime": "0409/230717", "correlationVector":"EjGm4v8KYFEUIvOvtzsF+R.1","action":"SyncServerConnectionManagerRequest", "result":"SYNC_SERVER_OK", "context":{"environment":"48F630A6-CB1B-4CC7-86AF-0F6627234B58|106", "server":"AM3PEPF00000986"}}
{"logTime": "0409/230717", "correlationVector":"EjGm4v8KYFEUIvOvtzsF+R.2","action":"GetUpdates Response", "result":"SYNCER_OK"}
{"logTime": "0409/230720", "correlationVector":"HGW/WfxygGi+aSuTlOZ92q","action":"Commit Request", "result":""}
{"logTime": "0409/230720", "correlationVector":"HGW/WfxygGi+aSuTlOZ92q.1","action":"SyncServerConnectionManagerRequest", "result":"SYNC_SERVER_OK", "context":{"environment":"48F630A6-CB1B-4CC7-86AF-0F6627234B58|106", "server":"AM3PEPF00000986"}}
{"logTime": "0409/230720", "correlationVector":"HGW/WfxygGi+aSuTlOZ92q.2","action":"Commit Response", "result":"SYNCER_OK"}
{"logTime": "0409/231042", "correlationVector":"nRT2lOmDtELnGfIOcopVqs","action":"Commit Request", "result":""}
{"logTime": "0409/231043", "correlationVector":"nRT2lOmDtELnGfIOcopVqs.1","action":"SyncServerConnectionManagerRequest", "result":"SYNC_SERVER_OK", "context":{"environment":"48F630A6-CB1B-4CC7-86AF-0F6627234B58|106", "server":"AM3PEPF00000987"}}
{"logTime": "0409/231043", "correlationVector":"nRT2lOmDtELnGfIOcopVqs.2","action":"Commit Response", "result":"SYNCER_OK"}
{"logTime": "0409/231121", "correlationVector":"DYi7WPP1XsV2mgHJoTR1UQ","action":"Commit Request", "result":""}
{"logTime": "0409/231121", "correlationVector":"DYi7WPP1XsV2mgHJoTR1UQ.1","action":"SyncServerConnectionManagerRequest", "result":"SYNC_SERVER_OK", "context":{"environment":"48F630A6-CB1B-4CC7-86AF-0F6627234B58|106", "server":"AM3PEPF00000987"}}
{"logTime": "0409/231121", "correlationVector":"DYi7WPP1XsV2mgHJoTR1UQ.2","action":"Commit Response", "result":"SYNCER_OK"}
{"logTime": "0409/231205", "correlationVector":"rbxmzxuPOA92bjcbqIgwnx","action":"Commit Request", "result":""}
{"logTime": "0409/231205", "correlationVector":"rbxmzxuPOA92bjcbqIgwnx.1","action":"SyncServerConnectionManagerRequest", "result":"SYNC_SERVER_OK", "context":{"environment":"48F630A6-CB1B-4CC7-86AF-0F6627234B58|106", "server":"AM3PEPF00000987"}}
{"logTime": "0409/231205", "correlationVector":"rbxmzxuPOA92bjcbqIgwnx.2","action":"Commit Response", "result":"SYNCER_OK"}
{"logTime": "0409/231422", "correlationVector":"7R9zbtuCZHgfkFmxcZeymu.0","action":"FeedSettingFetch_homeCloud", "result":"0", "context":{}}
{"logTime": "0409/231422", "correlationVector":"Ncb805RrJQB9YiicYMgpkd","action":"Normal GetUpdate request", "result":""}
{"logTime": "0409/231422", "correlationVector":"Ncb805RrJQB9YiicYMgpkd.1","action":"SyncServerConnectionManagerRequest", "result":"SYNC_SERVER_OK", "context":{"environment":"48F630A6-CB1B-4CC7-86AF-0F6627234B58|106", "server":"AM3PEPF00000984"}}
{"logTime": "0409/231422", "correlationVector":"Ncb805RrJQB9YiicYMgpkd.2","action":"GetUpdates Response", "result":"SYNCER_OK"}
{"logTime": "0409/231422", "correlationVector":"P4hXd29PMooXh+PHchkYyu","action":"Commit Request", "result":""}
{"logTime": "0409/231422", "correlationVector":"P4hXd29PMooXh+PHchkYyu.1","action":"SyncServerConnectionManagerRequest", "result":"SYNC_SERVER_OK", "context":{"environment":"48F630A6-CB1B-4CC7-86AF-0F6627234B58|106", "server":"AM3PEPF00000984"}}
{"logTime": "0409/231422", "correlationVector":"P4hXd29PMooXh+PHchkYyu.2","action":"Commit Response", "result":"SYNCER_OK"}
{"logTime": "0409/231451", "correlationVector":"Jt8Nor4i9KHMUxUZghEDAp","action":"Commit Request", "result":""}
{"logTime": "0409/231451", "correlationVector":"Jt8Nor4i9KHMUxUZghEDAp.1","action":"SyncServerConnectionManagerRequest", "result":"SYNC_SERVER_OK", "context":{"environment":"48F630A6-CB1B-4CC7-86AF-0F6627234B58|106", "server":"AM3PEPF00000984"}}
{"logTime": "0409/231451", "correlationVector":"Jt8Nor4i9KHMUxUZghEDAp.2","action":"Commit Response", "result":"SYNCER_OK"}
{"logTime": "0409/231523", "correlationVector":"Sk1xILUrJ99cBD3tuRvKfG","action":"Commit Request", "result":""}
{"logTime": "0409/231524", "correlationVector":"Sk1xILUrJ99cBD3tuRvKfG.1","action":"SyncServerConnectionManagerRequest", "result":"SYNC_SERVER_OK", "context":{"environment":"48F630A6-CB1B-4CC7-86AF-0F6627234B58|106", "server":"AM3PEPF00000984"}}
{"logTime": "0409/231524", "correlationVector":"Sk1xILUrJ99cBD3tuRvKfG.2","action":"Commit Response", "result":"SYNCER_OK"}
{"logTime": "0409/231616", "correlationVector":"B/zDRIJpoOL4957syQc8Nz","action":"Commit Request", "result":""}
{"logTime": "0409/231617", "correlationVector":"B/zDRIJpoOL4957syQc8Nz.1","action":"SyncServerConnectionManagerRequest", "result":"SYNC_SERVER_OK", "context":{"environment":"48F630A6-CB1B-4CC7-86AF-0F6627234B58|106", "server":"AM3PEPF00000984"}}
{"logTime": "0409/231617", "correlationVector":"B/zDRIJpoOL4957syQc8Nz.2","action":"Commit Response", "result":"SYNCER_OK"}
{"logTime": "0409/232158", "correlationVector":"o+6/bS7SMBuhQGJOzr/gqN","action":"Commit Request", "result":""}
{"logTime": "0409/232159", "correlationVector":"o+6/bS7SMBuhQGJOzr/gqN.1","action":"SyncServerConnectionManagerRequest", "result":"SYNC_SERVER_OK", "context":{"environment":"48F630A6-CB1B-4CC7-86AF-0F6627234B58|106", "server":"AM3PEPF0000097C"}}
{"logTime": "0409/232159", "correlationVector":"o+6/bS7SMBuhQGJOzr/gqN.2","action":"Commit Response", "result":"SYNCER_OK"}
{"logTime": "0409/232238", "correlationVector":"rhfYRzmp83lBUFDkxEJQJN","action":"Commit Request", "result":""}
{"logTime": "0409/232239", "correlationVector":"rhfYRzmp83lBUFDkxEJQJN.1","action":"SyncServerConnectionManagerRequest", "result":"SYNC_SERVER_OK", "context":{"environment":"48F630A6-CB1B-4CC7-86AF-0F6627234B58|106", "server":"AM3PEPF0000097C"}}
{"logTime": "0409/232239", "correlationVector":"rhfYRzmp83lBUFDkxEJQJN.2","action":"Commit Response", "result":"SYNCER_OK"}
{"logTime": "0409/232344", "correlationVector":"MwzDq76B8DN8Ju91LUwzbg","action":"Commit Request", "result":""}
{"logTime": "0409/232344", "correlationVector":"MwzDq76B8DN8Ju91LUwzbg.1","action":"SyncServerConnectionManagerRequest", "result":"SYNC_SERVER_OK", "context":{"environment":"48F630A6-CB1B-4CC7-86AF-0F6627234B58|106", "server":"AM3PEPF0000097C"}}
{"logTime": "0409/232344", "correlationVector":"MwzDq76B8DN8Ju91LUwzbg.2","action":"Commit Response", "result":"SYNCER_OK"}
{"logTime": "0409/232418", "correlationVector":"SjL03xF0x86kZMLvt0anZc","action":"Commit Request", "result":""}
{"logTime": "0409/232419", "correlationVector":"SjL03xF0x86kZMLvt0anZc.1","action":"SyncServerConnectionManagerRequest", "result":"SYNC_SERVER_OK", "context":{"environment":"48F630A6-CB1B-4CC7-86AF-0F6627234B58|106", "server":"AM3PEPF0000097C"}}
{"logTime": "0409/232419", "correlationVector":"SjL03xF0x86kZMLvt0anZc.2","action":"Commit Response", "result":"SYNCER_OK"}
{"logTime": "0409/232527", "correlationVector":"A7cbWEXDwtZB39qYCyKXTS.0","action":"FeedSettingFetch_homeCloud", "result":"0", "context":{}}
{"logTime": "0409/232527", "correlationVector":"w1AyD2z+WlqCw70WClQ+3V","action":"Normal GetUpdate request", "result":""}
{"logTime": "0409/232527", "correlationVector":"w1AyD2z+WlqCw70WClQ+3V.1","action":"SyncServerConnectionManagerRequest", "result":"SYNC_SERVER_OK", "context":{"environment":"48F630A6-CB1B-4CC7-86AF-0F6627234B58|106", "server":"AM3PEPF0000096D"}}
{"logTime": "0409/232527", "correlationVector":"w1AyD2z+WlqCw70WClQ+3V.2","action":"GetUpdates Response", "result":"SYNCER_OK"}
{"logTime": "0409/232527", "correlationVector":"dSC0nI1ca0K2DB58xAm1zl","action":"Commit Request", "result":""}
{"logTime": "0409/232527", "correlationVector":"dSC0nI1ca0K2DB58xAm1zl.1","action":"SyncServerConnectionManagerRequest", "result":"SYNC_SERVER_OK", "context":{"environment":"48F630A6-CB1B-4CC7-86AF-0F6627234B58|106", "server":"AM3PEPF0000096D"}}
{"logTime": "0409/232527", "correlationVector":"dSC0nI1ca0K2DB58xAm1zl.2","action":"Commit Response", "result":"SYNCER_OK"}
{"logTime": "0409/232556", "correlationVector":"mgr0Wp7/shNPAreg+wRfUW","action":"Commit Request", "result":""}
{"logTime": "0409/232558", "correlationVector":"mgr0Wp7/shNPAreg+wRfUW.1","action":"SyncServerConnectionManagerRequest", "result":"SYNC_SERVER_OK", "context":{"environment":"48F630A6-CB1B-4CC7-86AF-0F6627234B58|106", "server":"AM3PEPF0000096D"}}
{"logTime": "0409/232558", "correlationVector":"mgr0Wp7/shNPAreg+wRfUW.2","action":"Commit Response", "result":"SYNCER_OK"}
{"logTime": "0409/233126", "correlationVector":"F6fsaGdghyRozBWzwSv0rA","action":"Commit Request", "result":""}
{"logTime": "0409/233126", "correlationVector":"F6fsaGdghyRozBWzwSv0rA.1","action":"SyncServerConnectionManagerRequest", "result":"SYNC_SERVER_OK", "context":{"environment":"48F630A6-CB1B-4CC7-86AF-0F6627234B58|106", "server":"AM3PEPF0000099E"}}
{"logTime": "0409/233126", "correlationVector":"F6fsaGdghyRozBWzwSv0rA.2","action":"Commit Response", "result":"SYNCER_OK"}
{"logTime": "0409/233433", "correlationVector":"Nhj89+CzuyO2Un8pCtzGBd.0","action":"FeedSettingFetch_homeCloud", "result":"0", "context":{}}
{"logTime": "0409/233436", "correlationVector":"vSd/uPOPnhZ+DxjE98aKWK","action":"Normal GetUpdate request", "result":""}
{"logTime": "0409/233436", "correlationVector":"vSd/uPOPnhZ+DxjE98aKWK.1","action":"SyncServerConnectionManagerRequest", "result":"SYNC_SERVER_OK", "context":{"environment":"48F630A6-CB1B-4CC7-86AF-0F6627234B58|106", "server":"AM3PEPF00000977"}}
{"logTime": "0409/233436", "correlationVector":"vSd/uPOPnhZ+DxjE98aKWK.2","action":"GetUpdates Response", "result":"SYNCER_OK"}
{"logTime": "0409/233438", "correlationVector":"g9wVDXSPkmpM+bF8m8WLRF","action":"Commit Request", "result":""}
{"logTime": "0409/233438", "correlationVector":"g9wVDXSPkmpM+bF8m8WLRF.1","action":"SyncServerConnectionManagerRequest", "result":"SYNC_SERVER_OK", "context":{"environment":"48F630A6-CB1B-4CC7-86AF-0F6627234B58|106", "server":"AM3PEPF00000977"}}
{"logTime": "0409/233438", "correlationVector":"g9wVDXSPkmpM+bF8m8WLRF.2","action":"Commit Response", "result":"SYNCER_OK"}
{"logTime": "0409/233508", "correlationVector":"PBtm5B22z+MY7eC1FDwZwk","action":"Commit Request", "result":""}
{"logTime": "0409/233509", "correlationVector":"PBtm5B22z+MY7eC1FDwZwk.1","action":"SyncServerConnectionManagerRequest", "result":"SYNC_SERVER_OK", "context":{"environment":"48F630A6-CB1B-4CC7-86AF-0F6627234B58|106", "server":"AM3PEPF00000977"}}
{"logTime": "0409/233509", "correlationVector":"PBtm5B22z+MY7eC1FDwZwk.2","action":"Commit Response", "result":"SYNCER_OK"}
{"logTime": "0409/203839", "correlationVector":"CzFEpfXt5O1XuEK+xoW9x1","action":"Commit Request", "result":""}
{"logTime": "0409/203840", "correlationVector":"CzFEpfXt5O1XuEK+xoW9x1.1","action":"SyncServerConnectionManagerRequest", "result":"SYNC_SERVER_OK", "context":{"environment":"48F630A6-CB1B-4CC7-86AF-0F6627234B58|106", "server":"AM3PEPF0000099C"}}
{"logTime": "0409/203840", "correlationVector":"CzFEpfXt5O1XuEK+xoW9x1.2","action":"Commit Response", "result":"SYNCER_OK"}
{"logTime": "0409/203913", "correlationVector":"gBuTvHVWK7KrQ3dVKcvTon","action":"Commit Request", "result":""}
{"logTime": "0409/203913", "correlationVector":"gBuTvHVWK7KrQ3dVKcvTon.1","action":"SyncServerConnectionManagerRequest", "result":"SYNC_SERVER_OK", "context":{"environment":"48F630A6-CB1B-4CC7-86AF-0F6627234B58|106", "server":"AM3PEPF0000099C"}}
{"logTime": "0409/203913", "correlationVector":"gBuTvHVWK7KrQ3dVKcvTon.2","action":"Commit Response", "result":"SYNCER_OK"}
{"logTime": "0409/204044", "correlationVector":"5gQXlsQTPhiQvTNqsgYHNx","action":"Commit Request", "result":""}
{"logTime": "0409/204045", "correlationVector":"5gQXlsQTPhiQvTNqsgYHNx.1","action":"SyncServerConnectionManagerRequest", "result":"SYNC_SERVER_OK", "context":{"environment":"48F630A6-CB1B-4CC7-86AF-0F6627234B58|106", "server":"AM3PEPF0000099C"}}
{"logTime": "0409/204045", "correlationVector":"5gQXlsQTPhiQvTNqsgYHNx.2","action":"Commit Response", "result":"SYNCER_OK"}
{"logTime": "0409/204424", "correlationVector":"wCzWlc5G/S2tqkf5+Sg+5Y","action":"Commit Request", "result":""}
{"logTime": "0409/204424", "correlationVector":"wCzWlc5G/S2tqkf5+Sg+5Y.1","action":"SyncServerConnectionManagerRequest", "result":"SYNC_SERVER_OK", "context":{"environment":"48F630A6-CB1B-4CC7-86AF-0F6627234B58|106", "server":"AM3PEPF000009A5"}}
{"logTime": "0409/204424", "correlationVector":"wCzWlc5G/S2tqkf5+Sg+5Y.2","action":"Commit Response", "result":"SYNCER_OK"}
{"logTime": "0409/204647", "correlationVector":"6zzDLNvMjcdNdAQTarD4Aa","action":"Commit Request", "result":""}
{"logTime": "0409/204647", "correlationVector":"6zzDLNvMjcdNdAQTarD4Aa.1","action":"SyncServerConnectionManagerRequest", "result":"SYNC_SERVER_OK", "context":{"environment":"48F630A6-CB1B-4CC7-86AF-0F6627234B58|106", "server":"AM3PEPF00002C89"}}
{"logTime": "0409/204647", "correlationVector":"6zzDLNvMjcdNdAQTarD4Aa.2","action":"Commit Response", "result":"SYNCER_OK"}
{"logTime": "0409/235951", "correlationVector":"Nkq/afdUGHQzPhJoOxBsy2.0","action":"FeedSettingFetch_homeCloud", "result":"0", "context":{}}
{"logTime": "0409/235952", "correlationVector":"bGjBehVxebEC5yBHF3+LKF","action":"Normal GetUpdate request", "result":""}
{"logTime": "0409/235952", "correlationVector":"bGjBehVxebEC5yBHF3+LKF.1","action":"SyncServerConnectionManagerRequest", "result":"SYNC_SERVER_OK", "context":{"environment":"48F630A6-CB1B-4CC7-86AF-0F6627234B58|106", "server":"AM3PEPF00000992"}}
{"logTime": "0409/235952", "correlationVector":"bGjBehVxebEC5yBHF3+LKF.2","action":"GetUpdates Response", "result":"SYNCER_OK"}
{"logTime": "0409/235954", "correlationVector":"bHTSuBBgtT6R/HkNL434bp","action":"Commit Request", "result":""}
{"logTime": "0409/235954", "correlationVector":"bHTSuBBgtT6R/HkNL434bp.1","action":"SyncServerConnectionManagerRequest", "result":"SYNC_SERVER_OK", "context":{"environment":"48F630A6-CB1B-4CC7-86AF-0F6627234B58|106", "server":"AM3PEPF00000992"}}
{"logTime": "0409/235954", "correlationVector":"bHTSuBBgtT6R/HkNL434bp.2","action":"Commit Response", "result":"SYNCER_OK"}
{"logTime": "0410/000024", "correlationVector":"McztObcIEWiF8Az9mH+WAp","action":"Commit Request", "result":""}
{"logTime": "0410/000025", "correlationVector":"McztObcIEWiF8Az9mH+WAp.1","action":"SyncServerConnectionManagerRequest", "result":"SYNC_SERVER_OK", "context":{"environment":"48F630A6-CB1B-4CC7-86AF-0F6627234B58|106", "server":"AM3PEPF00000992"}}
{"logTime": "0410/000025", "correlationVector":"McztObcIEWiF8Az9mH+WAp.2","action":"Commit Response", "result":"SYNCER_OK"}
{"logTime": "0409/210252", "correlationVector":"LO7ify19nTy0V7ElF5EvsH","action":"Commit Request", "result":""}
{"logTime": "0409/210252", "correlationVector":"LO7ify19nTy0V7ElF5EvsH.1","action":"SyncServerConnectionManagerRequest", "result":"SYNC_SERVER_OK", "context":{"environment":"48F630A6-CB1B-4CC7-86AF-0F6627234B58|106", "server":"AM3PEPF0000097F"}}
{"logTime": "0409/210252", "correlationVector":"LO7ify19nTy0V7ElF5EvsH.2","action":"Commit Response", "result":"SYNCER_OK"}
{"logTime": "0409/210352", "correlationVector":"+GyK4fiQadL19ljdfJjZDN","action":"Commit Request", "result":""}
{"logTime": "0409/210352", "correlationVector":"+GyK4fiQadL19ljdfJjZDN.1","action":"SyncServerConnectionManagerRequest", "result":"SYNC_SERVER_OK", "context":{"environment":"48F630A6-CB1B-4CC7-86AF-0F6627234B58|106", "server":"AM3PEPF0000097F"}}
{"logTime": "0409/210352", "correlationVector":"+GyK4fiQadL19ljdfJjZDN.2","action":"Commit Response", "result":"SYNCER_OK"}
{"logTime": "0409/210447", "correlationVector":"6Bxc90ZZYbse0kYGOVCQ00","action":"Commit Request", "result":""}
{"logTime": "0409/210447", "correlationVector":"6Bxc90ZZYbse0kYGOVCQ00.1","action":"SyncServerConnectionManagerRequest", "result":"SYNC_SERVER_OK", "context":{"environment":"48F630A6-CB1B-4CC7-86AF-0F6627234B58|106", "server":"AM3PEPF0000097F"}}
{"logTime": "0409/210447", "correlationVector":"6Bxc90ZZYbse0kYGOVCQ00.2","action":"Commit Response", "result":"SYNCER_OK"}
{"logTime": "0409/210528", "correlationVector":"J2Hf+DjQLIeZluAjvLXT25","action":"Commit Request", "result":""}
{"logTime": "0409/210528", "correlationVector":"J2Hf+DjQLIeZluAjvLXT25.1","action":"SyncServerConnectionManagerRequest", "result":"SYNC_SERVER_OK", "context":{"environment":"48F630A6-CB1B-4CC7-86AF-0F6627234B58|106", "server":"AM3PEPF0000097F"}}
{"logTime": "0409/210528", "correlationVector":"J2Hf+DjQLIeZluAjvLXT25.2","action":"Commit Response", "result":"SYNCER_OK"}
{"logTime": "0410/000800", "correlationVector":"KNejU0NWvW7tJDkON/Sn9G.0","action":"FeedSettingFetch_homeCloud", "result":"0", "context":{}}
{"logTime": "0410/000802", "correlationVector":"Y/moiKkniIlVQJKoz/dkDO","action":"Normal GetUpdate request", "result":""}
{"logTime": "0410/000802", "correlationVector":"Y/moiKkniIlVQJKoz/dkDO.1","action":"SyncServerConnectionManagerRequest", "result":"SYNC_SERVER_OK", "context":{"environment":"48F630A6-CB1B-4CC7-86AF-0F6627234B58|106", "server":"AM3PEPF000009AC"}}
{"logTime": "0410/000802", "correlationVector":"Y/moiKkniIlVQJKoz/dkDO.2","action":"GetUpdates Response", "result":"SYNCER_OK"}
{"logTime": "0410/000804", "correlationVector":"VMRYFSe+WS2MRjuUGSJJgq","action":"Commit Request", "result":""}
{"logTime": "0410/000804", "correlationVector":"VMRYFSe+WS2MRjuUGSJJgq.1","action":"SyncServerConnectionManagerRequest", "result":"SYNC_SERVER_OK", "context":{"environment":"48F630A6-CB1B-4CC7-86AF-0F6627234B58|106", "server":"AM3PEPF000009AC"}}
{"logTime": "0410/000804", "correlationVector":"VMRYFSe+WS2MRjuUGSJJgq.2","action":"Commit Response", "result":"SYNCER_OK"}
{"logTime": "0409/211202", "correlationVector":"Ct3wJeKrk+Rg9dX0dHaxs8","action":"Commit Request", "result":""}
{"logTime": "0409/211202", "correlationVector":"Ct3wJeKrk+Rg9dX0dHaxs8.1","action":"SyncServerConnectionManagerRequest", "result":"SYNC_SERVER_OK", "context":{"environment":"48F630A6-CB1B-4CC7-86AF-0F6627234B58|106", "server":"AM3PEPF00000973"}}
{"logTime": "0409/211202", "correlationVector":"Ct3wJeKrk+Rg9dX0dHaxs8.2","action":"Commit Response", "result":"SYNCER_OK"}
{"logTime": "0409/211230", "correlationVector":"PGf+tJPC66oAb/PXh8ky00.0","action":"FeedSettingFetch_homeCloud", "result":"0", "context":{}}
{"logTime": "0409/211230", "correlationVector":"cGeIUfp6Xm9OnJvwGaNKYT","action":"Normal GetUpdate request", "result":""}
{"logTime": "0409/211230", "correlationVector":"cGeIUfp6Xm9OnJvwGaNKYT.1","action":"SyncServerConnectionManagerRequest", "result":"SYNC_SERVER_OK", "context":{"environment":"48F630A6-CB1B-4CC7-86AF-0F6627234B58|106", "server":"AM3PEPF000009A3"}}
{"logTime": "0409/211230", "correlationVector":"cGeIUfp6Xm9OnJvwGaNKYT.2","action":"GetUpdates Response", "result":"SYNCER_OK"}
{"logTime": "0409/211230", "correlationVector":"1La9Cz191/Lr9S2d69qiWC","action":"Commit Request", "result":""}
{"logTime": "0409/211230", "correlationVector":"1La9Cz191/Lr9S2d69qiWC.1","action":"SyncServerConnectionManagerRequest", "result":"SYNC_SERVER_OK", "context":{"environment":"48F630A6-CB1B-4CC7-86AF-0F6627234B58|106", "server":"AM3PEPF000009A3"}}
{"logTime": "0409/211230", "correlationVector":"1La9Cz191/Lr9S2d69qiWC.2","action":"Commit Response", "result":"SYNCER_OK"}
{"logTime": "0409/211357", "correlationVector":"cTpfH1e5rPK+uRtM8jPHMU","action":"Commit Request", "result":""}
{"logTime": "0409/211358", "correlationVector":"cTpfH1e5rPK+uRtM8jPHMU.1","action":"SyncServerConnectionManagerRequest", "result":"SYNC_SERVER_OK", "context":{"environment":"48F630A6-CB1B-4CC7-86AF-0F6627234B58|106", "server":"AM3PEPF000009A3"}}
{"logTime": "0409/211358", "correlationVector":"cTpfH1e5rPK+uRtM8jPHMU.2","action":"Commit Response", "result":"SYNCER_OK"}
{"logTime": "0409/211439", "correlationVector":"JztuUzftiE2jQBEBKX6jBv","action":"Commit Request", "result":""}
{"logTime": "0409/211440", "correlationVector":"JztuUzftiE2jQBEBKX6jBv.1","action":"SyncServerConnectionManagerRequest", "result":"SYNC_SERVER_OK", "context":{"environment":"48F630A6-CB1B-4CC7-86AF-0F6627234B58|106", "server":"AM3PEPF000009A3"}}
{"logTime": "0409/211440", "correlationVector":"JztuUzftiE2jQBEBKX6jBv.2","action":"Commit Response", "result":"SYNCER_OK"}
{"logTime": "0410/001744", "correlationVector":"4vELEmB/MB/VFPEW6WXoiQ.0","action":"FeedSettingFetch_homeCloud", "result":"0", "context":{}}
{"logTime": "0410/001747", "correlationVector":"JEe93a/SKr+1F6/fbfXdNn","action":"Normal GetUpdate request", "result":""}
{"logTime": "0410/001747", "correlationVector":"JEe93a/SKr+1F6/fbfXdNn.1","action":"SyncServerConnectionManagerRequest", "result":"SYNC_SERVER_OK", "context":{"environment":"48F630A6-CB1B-4CC7-86AF-0F6627234B58|106", "server":"AM3PEPF0000099E"}}
{"logTime": "0410/001747", "correlationVector":"JEe93a/SKr+1F6/fbfXdNn.2","action":"GetUpdates Response", "result":"SYNCER_OK"}
{"logTime": "0410/001748", "correlationVector":"Sy2XikWtK22EXk2TEiHCaM","action":"Commit Request", "result":""}
{"logTime": "0410/001749", "correlationVector":"Sy2XikWtK22EXk2TEiHCaM.1","action":"SyncServerConnectionManagerRequest", "result":"SYNC_SERVER_OK", "context":{"environment":"48F630A6-CB1B-4CC7-86AF-0F6627234B58|106", "server":"AM3PEPF0000099E"}}
{"logTime": "0410/001749", "correlationVector":"Sy2XikWtK22EXk2TEiHCaM.2","action":"Commit Response", "result":"SYNCER_OK"}
{"logTime": "0410/001819", "correlationVector":"D4AMxfn48yziY7z7yBZXwN","action":"Commit Request", "result":""}
{"logTime": "0410/001819", "correlationVector":"D4AMxfn48yziY7z7yBZXwN.1","action":"SyncServerConnectionManagerRequest", "result":"SYNC_SERVER_OK", "context":{"environment":"48F630A6-CB1B-4CC7-86AF-0F6627234B58|106", "server":"AM3PEPF0000099E"}}
{"logTime": "0410/001819", "correlationVector":"D4AMxfn48yziY7z7yBZXwN.2","action":"Commit Response", "result":"SYNCER_OK"}
{"logTime": "0410/002347", "correlationVector":"9MDxqzRfmkSrWI7pVSxhwM.0","action":"FeedSettingFetch_homeCloud", "result":"0", "context":{}}
{"logTime": "0410/002349", "correlationVector":"fdSM9+F/56TkQGzllUZg9N","action":"Normal GetUpdate request", "result":""}
{"logTime": "0410/002349", "correlationVector":"fdSM9+F/56TkQGzllUZg9N.1","action":"SyncServerConnectionManagerRequest", "result":"SYNC_SERVER_OK", "context":{"environment":"48F630A6-CB1B-4CC7-86AF-0F6627234B58|106", "server":"AM3PEPF00000976"}}
{"logTime": "0410/002349", "correlationVector":"fdSM9+F/56TkQGzllUZg9N.2","action":"GetUpdates Response", "result":"SYNCER_OK"}
{"logTime": "0410/002351", "correlationVector":"9lRRL1NB8HEQ6KcpacoIfV","action":"Commit Request", "result":""}
{"logTime": "0410/002352", "correlationVector":"9lRRL1NB8HEQ6KcpacoIfV.1","action":"SyncServerConnectionManagerRequest", "result":"SYNC_SERVER_OK", "context":{"environment":"48F630A6-CB1B-4CC7-86AF-0F6627234B58|106", "server":"AM3PEPF00000976"}}
{"logTime": "0410/002352", "correlationVector":"9lRRL1NB8HEQ6KcpacoIfV.2","action":"Commit Response", "result":"SYNCER_OK"}
{"logTime": "0410/002405", "correlationVector":"kjycdbCUcm/cE37MtLlL/6","action":"Commit Request", "result":""}
{"logTime": "0410/002406", "correlationVector":"kjycdbCUcm/cE37MtLlL/6.1","action":"SyncServerConnectionManagerRequest", "result":"SYNC_SERVER_OK", "context":{"environment":"48F630A6-CB1B-4CC7-86AF-0F6627234B58|106", "server":"AM3PEPF00000976"}}
{"logTime": "0410/002406", "correlationVector":"kjycdbCUcm/cE37MtLlL/6.2","action":"Commit Response", "result":"SYNCER_OK"}
{"logTime": "0410/002406", "correlationVector":"TDeOdlXKB3ApwA0IqOqr5N","action":"Commit Request", "result":""}
{"logTime": "0410/002407", "correlationVector":"TDeOdlXKB3ApwA0IqOqr5N.1","action":"SyncServerConnectionManagerRequest", "result":"SYNC_SERVER_OK", "context":{"environment":"48F630A6-CB1B-4CC7-86AF-0F6627234B58|106", "server":"AM3PEPF00000976"}}
{"logTime": "0410/002407", "correlationVector":"TDeOdlXKB3ApwA0IqOqr5N.2","action":"Commit Response", "result":"SYNCER_OK"}
{"logTime": "0410/002501", "correlationVector":"CfacT1udU1/iZq/gpX9KYa","action":"Commit Request", "result":""}
{"logTime": "0410/002502", "correlationVector":"CfacT1udU1/iZq/gpX9KYa.1","action":"SyncServerConnectionManagerRequest", "result":"SYNC_SERVER_OK", "context":{"environment":"48F630A6-CB1B-4CC7-86AF-0F6627234B58|106", "server":"AM3PEPF00000976"}}
{"logTime": "0410/002502", "correlationVector":"CfacT1udU1/iZq/gpX9KYa.2","action":"Commit Response", "result":"SYNCER_OK"}
{"logTime": "0409/212535", "correlationVector":"UXs1I5eRlEF7Hu28O5QE9B","action":"Commit Request", "result":""}
{"logTime": "0409/212536", "correlationVector":"UXs1I5eRlEF7Hu28O5QE9B.1","action":"SyncServerConnectionManagerRequest", "result":"SYNC_SERVER_OK", "context":{"environment":"48F630A6-CB1B-4CC7-86AF-0F6627234B58|106", "server":"AM3PEPF00000976"}}
{"logTime": "0409/212536", "correlationVector":"UXs1I5eRlEF7Hu28O5QE9B.2","action":"Commit Response", "result":"SYNCER_OK"}
{"logTime": "0409/213649", "correlationVector":"Zvb1iQYqrHBKVpWjZ/phWk.0","action":"FeedSettingFetch_homeCloud", "result":"0", "context":{}}
{"logTime": "0409/213652", "correlationVector":"R3zDm8YSo+FvkPddMCucFn","action":"Normal GetUpdate request", "result":""}
{"logTime": "0409/213652", "correlationVector":"R3zDm8YSo+FvkPddMCucFn.1","action":"SyncServerConnectionManagerRequest", "result":"SYNC_SERVER_OK", "context":{"environment":"48F630A6-CB1B-4CC7-86AF-0F6627234B58|106", "server":"AM3PEPF0000099B"}}
{"logTime": "0409/213652", "correlationVector":"R3zDm8YSo+FvkPddMCucFn.2","action":"GetUpdates Response", "result":"SYNCER_OK"}
{"logTime": "0409/213654", "correlationVector":"dsxAjWw11aL18VvQaFj946","action":"Commit Request", "result":""}
{"logTime": "0409/213655", "correlationVector":"dsxAjWw11aL18VvQaFj946.1","action":"SyncServerConnectionManagerRequest", "result":"SYNC_SERVER_OK", "context":{"environment":"48F630A6-CB1B-4CC7-86AF-0F6627234B58|106", "server":"AM3PEPF0000099B"}}
{"logTime": "0409/213655", "correlationVector":"dsxAjWw11aL18VvQaFj946.2","action":"Commit Response", "result":"SYNCER_OK"}
{"logTime": "0409/213725", "correlationVector":"jw3/EvwIg8NVk3fPMFBzEU","action":"Commit Request", "result":""}
{"logTime": "0409/213726", "correlationVector":"jw3/EvwIg8NVk3fPMFBzEU.1","action":"SyncServerConnectionManagerRequest", "result":"SYNC_SERVER_OK", "context":{"environment":"48F630A6-CB1B-4CC7-86AF-0F6627234B58|106", "server":"AM3PEPF0000099B"}}
{"logTime": "0409/213726", "correlationVector":"jw3/EvwIg8NVk3fPMFBzEU.3","action":"Commit.Sessions", "result":"Conflict", "context":{"id":"6f56536c-8ac7-4284-8be1-9f9532e1b8cd", "size":"1586", "version":"1649540214884"}}
{"logTime": "0409/213726", "correlationVector":"jw3/EvwIg8NVk3fPMFBzEU.2","action":"Commit Response", "result":"SYNCER_OK"}
{"logTime": "0409/213726", "correlationVector":"jw3/EvwIg8NVk3fPMFBzEU.4","action":"Commit.Sessions", "result":"Conflict", "context":{"id":"03fcc112-54dd-4306-a1e3-095be6baac7a", "size":"782", "version":"1649540214994"}}
{"logTime": "0409/213727", "correlationVector":"9MAodcU14O3scwiVrvVzS4","action":"Normal GetUpdate request", "result":""}
{"logTime": "0409/213727", "correlationVector":"9MAodcU14O3scwiVrvVzS4.1","action":"SyncServerConnectionManagerRequest", "result":"SYNC_SERVER_OK", "context":{"environment":"48F630A6-CB1B-4CC7-86AF-0F6627234B58|106", "server":"AM3PEPF0000099B"}}
{"logTime": "0409/213727", "correlationVector":"9MAodcU14O3scwiVrvVzS4.2","action":"GetUpdates Response", "result":"SYNCER_OK"}
{"logTime": "0409/213727", "correlationVector":"F3Y4uSJN9uLfKmXWXKnJgt","action":"Commit Request", "result":""}
{"logTime": "0409/213728", "correlationVector":"F3Y4uSJN9uLfKmXWXKnJgt.1","action":"SyncServerConnectionManagerRequest", "result":"SYNC_SERVER_OK", "context":{"environment":"48F630A6-CB1B-4CC7-86AF-0F6627234B58|106", "server":"AM3PEPF0000099B"}}
{"logTime": "0409/213728", "correlationVector":"F3Y4uSJN9uLfKmXWXKnJgt.2","action":"Commit Response", "result":"SYNCER_OK"}
{"logTime": "0409/214114", "correlationVector":"lFCoVUZEBYUUfzr+bposMF.0","action":"FeedSettingFetch_homeCloud", "result":"0", "context":{}}
{"logTime": "0409/214114", "correlationVector":"5+lNLNEcdIFZalkOtJYInF","action":"Normal GetUpdate request", "result":""}
{"logTime": "0409/214114", "correlationVector":"5+lNLNEcdIFZalkOtJYInF.1","action":"SyncServerConnectionManagerRequest", "result":"SYNC_SERVER_OK", "context":{"environment":"48F630A6-CB1B-4CC7-86AF-0F6627234B58|106", "server":"AM3PEPF00000994"}}
{"logTime": "0409/214114", "correlationVector":"5+lNLNEcdIFZalkOtJYInF.2","action":"GetUpdates Response", "result":"SYNCER_OK"}
{"logTime": "0409/214114", "correlationVector":"3Cm+/WtnPcDub/iJBJvMDh","action":"Commit Request", "result":""}
{"logTime": "0409/214114", "correlationVector":"3Cm+/WtnPcDub/iJBJvMDh.1","action":"SyncServerConnectionManagerRequest", "result":"SYNC_SERVER_OK", "context":{"environment":"48F630A6-CB1B-4CC7-86AF-0F6627234B58|106", "server":"AM3PEPF00000994"}}
{"logTime": "0409/214114", "correlationVector":"3Cm+/WtnPcDub/iJBJvMDh.2","action":"Commit Response", "result":"SYNCER_OK"}
{"logTime": "0409/214144", "correlationVector":"yTMoJd4fQF2LJQmY1RSq34","action":"Commit Request", "result":""}
{"logTime": "0409/214144", "correlationVector":"yTMoJd4fQF2LJQmY1RSq34.1","action":"SyncServerConnectionManagerRequest", "result":"SYNC_SERVER_OK", "context":{"environment":"48F630A6-CB1B-4CC7-86AF-0F6627234B58|106", "server":"AM3PEPF00000994"}}
{"logTime": "0409/214144", "correlationVector":"yTMoJd4fQF2LJQmY1RSq34.2","action":"Commit Response", "result":"SYNCER_OK"}
{"logTime": "0409/214217", "correlationVector":"oMsEtygwJ0kYVDA4kjYEqZ","action":"Commit Request", "result":""}
{"logTime": "0409/214218", "correlationVector":"oMsEtygwJ0kYVDA4kjYEqZ.1","action":"SyncServerConnectionManagerRequest", "result":"SYNC_SERVER_OK", "context":{"environment":"48F630A6-CB1B-4CC7-86AF-0F6627234B58|106", "server":"AM3PEPF00000994"}}
{"logTime": "0409/214218", "correlationVector":"oMsEtygwJ0kYVDA4kjYEqZ.2","action":"Commit Response", "result":"SYNCER_OK"}
{"logTime": "0409/214400", "correlationVector":"L6V2L1MqNX01yWAcK1ky3Y","action":"Commit Request", "result":""}
{"logTime": "0409/214401", "correlationVector":"L6V2L1MqNX01yWAcK1ky3Y.1","action":"SyncServerConnectionManagerRequest", "result":"SYNC_SERVER_OK", "context":{"environment":"48F630A6-CB1B-4CC7-86AF-0F6627234B58|106", "server":"AM3PEPF00000994"}}
{"logTime": "0409/214401", "correlationVector":"L6V2L1MqNX01yWAcK1ky3Y.2","action":"Commit Response", "result":"SYNCER_OK"}
{"logTime": "0409/214521", "correlationVector":"irceHVCIgf4GsxEiTnQyhG","action":"Commit Request", "result":""}
{"logTime": "0409/214522", "correlationVector":"irceHVCIgf4GsxEiTnQyhG.1","action":"SyncServerConnectionManagerRequest", "result":"SYNC_SERVER_OK", "context":{"environment":"48F630A6-CB1B-4CC7-86AF-0F6627234B58|106", "server":"AM3PEPF00000994"}}
{"logTime": "0409/214522", "correlationVector":"irceHVCIgf4GsxEiTnQyhG.2","action":"Commit Response", "result":"SYNCER_OK"}
{"logTime": "0409/214619", "correlationVector":"bUGM7u70EIPn+Z5X4mLWdA","action":"Commit Request", "result":""}
{"logTime": "0409/214620", "correlationVector":"bUGM7u70EIPn+Z5X4mLWdA.1","action":"SyncServerConnectionManagerRequest", "result":"SYNC_SERVER_OK", "context":{"environment":"48F630A6-CB1B-4CC7-86AF-0F6627234B58|106", "server":"AM3PEPF00000994"}}
{"logTime": "0409/214620", "correlationVector":"bUGM7u70EIPn+Z5X4mLWdA.2","action":"Commit Response", "result":"SYNCER_OK"}
{"logTime": "0409/214734", "correlationVector":"Ce5crWsT5QFJHkBBOsxnAR","action":"Commit Request", "result":""}
{"logTime": "0409/214734", "correlationVector":"Ce5crWsT5QFJHkBBOsxnAR.1","action":"SyncServerConnectionManagerRequest", "result":"SYNC_SERVER_OK", "context":{"environment":"48F630A6-CB1B-4CC7-86AF-0F6627234B58|106", "server":"AM3PEPF00000994"}}
{"logTime": "0409/214734", "correlationVector":"Ce5crWsT5QFJHkBBOsxnAR.2","action":"Commit Response", "result":"SYNCER_OK"}
{"logTime": "0409/214849", "correlationVector":"Q5eczaWxmpXs003B5vVNYf","action":"Commit Request", "result":""}
{"logTime": "0409/214851", "correlationVector":"Q5eczaWxmpXs003B5vVNYf.1","action":"SyncServerConnectionManagerRequest", "result":"SYNC_SERVER_OK", "context":{"environment":"48F630A6-CB1B-4CC7-86AF-0F6627234B58|106", "server":"AM3PEPF00000994"}}
{"logTime": "0409/214851", "correlationVector":"Q5eczaWxmpXs003B5vVNYf.2","action":"Commit Response", "result":"SYNCER_OK"}
{"logTime": "0409/214924", "correlationVector":"4VCZZuHrGrycQQsS+Q0M0B","action":"Commit Request", "result":""}
{"logTime": "0409/214924", "correlationVector":"4VCZZuHrGrycQQsS+Q0M0B.1","action":"SyncServerConnectionManagerRequest", "result":"SYNC_SERVER_OK", "context":{"environment":"48F630A6-CB1B-4CC7-86AF-0F6627234B58|106", "server":"AM3PEPF00000994"}}
{"logTime": "0409/214924", "correlationVector":"4VCZZuHrGrycQQsS+Q0M0B.2","action":"Commit Response", "result":"SYNCER_OK"}
{"logTime": "0409/214951", "correlationVector":"jOGJHXSwaN+cD0e6hbiQV+","action":"Commit Request", "result":""}
{"logTime": "0409/214951", "correlationVector":"jOGJHXSwaN+cD0e6hbiQV+.1","action":"SyncServerConnectionManagerRequest", "result":"SYNC_SERVER_OK", "context":{"environment":"48F630A6-CB1B-4CC7-86AF-0F6627234B58|106", "server":"AM3PEPF00000994"}}
{"logTime": "0409/214951", "correlationVector":"jOGJHXSwaN+cD0e6hbiQV+.2","action":"Commit Response", "result":"SYNCER_OK"}
{"logTime": "0409/215010", "correlationVector":"V8vMxdgx36pNWofAxRJDzr","action":"Commit Request", "result":""}
{"logTime": "0409/215010", "correlationVector":"V8vMxdgx36pNWofAxRJDzr.1","action":"SyncServerConnectionManagerRequest", "result":"SYNC_SERVER_OK", "context":{"environment":"48F630A6-CB1B-4CC7-86AF-0F6627234B58|106", "server":"AM3PEPF00000994"}}
{"logTime": "0409/215010", "correlationVector":"V8vMxdgx36pNWofAxRJDzr.2","action":"Commit Response", "result":"SYNCER_OK"}
{"logTime": "0409/215045", "correlationVector":"7P5J1+JxaPr0ct47lDoegB","action":"Commit Request", "result":""}
{"logTime": "0409/215045", "correlationVector":"7P5J1+JxaPr0ct47lDoegB.1","action":"SyncServerConnectionManagerRequest", "result":"SYNC_SERVER_OK", "context":{"environment":"48F630A6-CB1B-4CC7-86AF-0F6627234B58|106", "server":"AM3PEPF00000994"}}
{"logTime": "0409/215045", "correlationVector":"7P5J1+JxaPr0ct47lDoegB.2","action":"Commit Response", "result":"SYNCER_OK"}
{"logTime": "0410/005630", "correlationVector":"SB9LpHsVi392Ysbg9TkmSD.0","action":"FeedSettingFetch_homeCloud", "result":"0", "context":{}}
{"logTime": "0410/005632", "correlationVector":"H76GnFT9TZe4UgUF4l2iff","action":"Normal GetUpdate request", "result":""}
{"logTime": "0410/005633", "correlationVector":"H76GnFT9TZe4UgUF4l2iff.1","action":"SyncServerConnectionManagerRequest", "result":"SYNC_SERVER_OK", "context":{"environment":"48F630A6-CB1B-4CC7-86AF-0F6627234B58|106", "server":"AM3PEPF00000999"}}
{"logTime": "0410/005633", "correlationVector":"H76GnFT9TZe4UgUF4l2iff.2","action":"GetUpdates Response", "result":"SYNCER_OK"}
{"logTime": "0410/005635", "correlationVector":"Qn/xRhkoxEZ7B24OA8H7D/","action":"Commit Request", "result":""}
{"logTime": "0410/005636", "correlationVector":"Qn/xRhkoxEZ7B24OA8H7D/.1","action":"SyncServerConnectionManagerRequest", "result":"SYNC_SERVER_OK", "context":{"environment":"48F630A6-CB1B-4CC7-86AF-0F6627234B58|106", "server":"AM3PEPF00000999"}}
{"logTime": "0410/005636", "correlationVector":"Qn/xRhkoxEZ7B24OA8H7D/.2","action":"Commit Response", "result":"SYNCER_OK"}
{"logTime": "0409/215740", "correlationVector":"3POieyn0O3ouzEYCNSbHVF","action":"Commit Request", "result":""}
{"logTime": "0409/215741", "correlationVector":"3POieyn0O3ouzEYCNSbHVF.1","action":"SyncServerConnectionManagerRequest", "result":"SYNC_SERVER_OK", "context":{"environment":"48F630A6-CB1B-4CC7-86AF-0F6627234B58|106", "server":"AM3PEPF00000999"}}
{"logTime": "0409/215741", "correlationVector":"3POieyn0O3ouzEYCNSbHVF.2","action":"Commit Response", "result":"SYNCER_OK"}
{"logTime": "0409/215741", "correlationVector":"16qml2YhQV9rjNxiHcfVvA","action":"Poll GetUpdate request", "result":""}
{"logTime": "0409/215741", "correlationVector":"16qml2YhQV9rjNxiHcfVvA.1","action":"SyncServerConnectionManagerRequest", "result":"SYNC_SERVER_OK", "context":{"environment":"48F630A6-CB1B-4CC7-86AF-0F6627234B58|106", "server":"AM3PEPF00000999"}}
{"logTime": "0409/215741", "correlationVector":"16qml2YhQV9rjNxiHcfVvA.2","action":"GetUpdates Response", "result":"SYNCER_OK"}
{"logTime": "0409/220050", "correlationVector":"DjRoK28j8hBff4SZHPru7Q","action":"Commit Request", "result":""}
{"logTime": "0409/220051", "correlationVector":"DjRoK28j8hBff4SZHPru7Q.1","action":"SyncServerConnectionManagerRequest", "result":"SYNC_SERVER_OK", "context":{"environment":"48F630A6-CB1B-4CC7-86AF-0F6627234B58|106", "server":"AM3PEPF00000981"}}
{"logTime": "0409/220051", "correlationVector":"DjRoK28j8hBff4SZHPru7Q.2","action":"Commit Response", "result":"SYNCER_OK"}
{"logTime": "0409/220315", "correlationVector":"mQoFGUcuvM8Vekx6/1vaCu","action":"Commit Request", "result":""}
{"logTime": "0409/220316", "correlationVector":"mQoFGUcuvM8Vekx6/1vaCu.1","action":"SyncServerConnectionManagerRequest", "result":"SYNC_SERVER_OK", "context":{"environment":"48F630A6-CB1B-4CC7-86AF-0F6627234B58|106", "server":"AM3PEPF0000099B"}}
{"logTime": "0409/220316", "correlationVector":"mQoFGUcuvM8Vekx6/1vaCu.2","action":"Commit Response", "result":"SYNCER_OK"}
{"logTime": "0409/220437", "correlationVector":"2yGtEQltbDKY89vtacyw12","action":"Commit Request", "result":""}
{"logTime": "0409/220437", "correlationVector":"2yGtEQltbDKY89vtacyw12.1","action":"SyncServerConnectionManagerRequest", "result":"SYNC_SERVER_OK", "context":{"environment":"48F630A6-CB1B-4CC7-86AF-0F6627234B58|106", "server":"AM3PEPF0000099B"}}
{"logTime": "0409/220437", "correlationVector":"2yGtEQltbDKY89vtacyw12.2","action":"Commit Response", "result":"SYNCER_OK"}
{"logTime": "0409/220534", "correlationVector":"uAe3aWZOgEcp+/RFFW9j8e","action":"Commit Request", "result":""}
{"logTime": "0409/220534", "correlationVector":"uAe3aWZOgEcp+/RFFW9j8e.1","action":"SyncServerConnectionManagerRequest", "result":"SYNC_SERVER_OK", "context":{"environment":"48F630A6-CB1B-4CC7-86AF-0F6627234B58|106", "server":"AM3PEPF0000099B"}}
{"logTime": "0409/220534", "correlationVector":"uAe3aWZOgEcp+/RFFW9j8e.2","action":"Commit Response", "result":"SYNCER_OK"}
{"logTime": "0409/220605", "correlationVector":"zFFDW7Qy/BS2ukzVcTW4m0","action":"Commit Request", "result":""}
{"logTime": "0409/220606", "correlationVector":"zFFDW7Qy/BS2ukzVcTW4m0.1","action":"SyncServerConnectionManagerRequest", "result":"SYNC_SERVER_OK", "context":{"environment":"48F630A6-CB1B-4CC7-86AF-0F6627234B58|106", "server":"AM3PEPF0000099B"}}
{"logTime": "0409/220606", "correlationVector":"zFFDW7Qy/BS2ukzVcTW4m0.2","action":"Commit Response", "result":"SYNCER_OK"}
{"logTime": "0409/221132", "correlationVector":"sp2Tkpd+VeGN9PRG/j7lLQ","action":"Commit Request", "result":""}
{"logTime": "0409/221133", "correlationVector":"sp2Tkpd+VeGN9PRG/j7lLQ.1","action":"SyncServerConnectionManagerRequest", "result":"SYNC_SERVER_OK", "context":{"environment":"48F630A6-CB1B-4CC7-86AF-0F6627234B58|106", "server":"AM3PEPF0000098C"}}
{"logTime": "0409/221133", "correlationVector":"sp2Tkpd+VeGN9PRG/j7lLQ.2","action":"Commit Response", "result":"SYNCER_OK"}
{"logTime": "0409/221254", "correlationVector":"4Hc5qkGRt+BOqfRPLk+pCT","action":"Commit Request", "result":""}
{"logTime": "0409/221255", "correlationVector":"4Hc5qkGRt+BOqfRPLk+pCT.1","action":"SyncServerConnectionManagerRequest", "result":"SYNC_SERVER_OK", "context":{"environment":"48F630A6-CB1B-4CC7-86AF-0F6627234B58|106", "server":"AM3PEPF0000098C"}}
{"logTime": "0409/221255", "correlationVector":"4Hc5qkGRt+BOqfRPLk+pCT.2","action":"Commit Response", "result":"SYNCER_OK"}
{"logTime": "0409/221329", "correlationVector":"0Tu2s/BfyJo4Bq59TReA2p","action":"Commit Request", "result":""}
{"logTime": "0409/221330", "correlationVector":"0Tu2s/BfyJo4Bq59TReA2p.1","action":"SyncServerConnectionManagerRequest", "result":"SYNC_SERVER_OK", "context":{"environment":"48F630A6-CB1B-4CC7-86AF-0F6627234B58|106", "server":"AM3PEPF0000098C"}}
{"logTime": "0409/221330", "correlationVector":"0Tu2s/BfyJo4Bq59TReA2p.2","action":"Commit Response", "result":"SYNCER_OK"}
{"logTime": "0409/221401", "correlationVector":"2pl3npAEs17Q8DoIlmQ16E","action":"Commit Request", "result":""}
{"logTime": "0409/221401", "correlationVector":"2pl3npAEs17Q8DoIlmQ16E.1","action":"SyncServerConnectionManagerRequest", "result":"SYNC_SERVER_OK", "context":{"environment":"48F630A6-CB1B-4CC7-86AF-0F6627234B58|106", "server":"AM3PEPF0000098C"}}
{"logTime": "0409/221401", "correlationVector":"2pl3npAEs17Q8DoIlmQ16E.2","action":"Commit Response", "result":"SYNCER_OK"}
