[2022-08-14 23:12:46.622] [exthost] [info] Extension host with pid 2155 started
[2022-08-14 23:12:46.622] [exthost] [info] Skipping acquiring lock for /home/burakssen/.config/Code/User/workspaceStorage/b9c32b9f00a060d9a825d3cbd889efb1.
[2022-08-14 23:12:46.770] [exthost] [info] ExtensionService#_doActivateExtension cschlosser.doxdocgen, startup: false, activationEvent: 'onLanguage:cpp'
[2022-08-14 23:12:47.133] [exthost] [info] ExtensionService#_doActivateExtension ms-vscode.cpptools, startup: false, activationEvent: 'onLanguage:cpp'
[2022-08-14 23:12:47.197] [exthost] [info] ExtensionService#_doActivateExtension vscode.microsoft-authentication, startup: false, activationEvent: 'onAuthenticationRequest:microsoft'
[2022-08-14 23:12:47.231] [exthost] [info] ExtensionService#_doActivateExtension vscode.debug-auto-launch, startup: true, activationEvent: '*'
[2022-08-14 23:12:47.236] [exthost] [info] ExtensionService#_doActivateExtension vscode.git-base, startup: true, activationEvent: '*', root cause: vscode.git
[2022-08-14 23:12:47.245] [exthost] [info] ExtensionService#_doActivateExtension vscode.ipynb, startup: true, activationEvent: '*'
[2022-08-14 23:12:47.868] [exthost] [info] ExtensionService#_doActivateExtension vscode.git, startup: true, activationEvent: '*'
[2022-08-14 23:12:47.908] [exthost] [info] ExtensionService#_doActivateExtension vscode.github, startup: true, activationEvent: '*'
[2022-08-14 23:12:48.070] [exthost] [info] Eager extensions activated
[2022-08-14 23:12:48.117] [exthost] [info] ExtensionService#_doActivateExtension vscode.emmet, startup: false, activationEvent: 'onStartupFinished'
[2022-08-14 23:12:48.131] [exthost] [info] ExtensionService#_doActivateExtension vscode.merge-conflict, startup: false, activationEvent: 'onStartupFinished'
[2022-08-14 23:12:48.135] [exthost] [info] ExtensionService#_doActivateExtension esbenp.prettier-vscode, startup: false, activationEvent: 'onStartupFinished'
[2022-08-14 23:12:48.194] [exthost] [info] ExtensionService#_doActivateExtension PKief.material-icon-theme, startup: false, activationEvent: 'onStartupFinished'
[2022-08-14 23:12:48.221] [exthost] [info] ExtensionService#_doActivateExtension vscode.github-authentication, startup: false, activationEvent: 'onAuthenticationRequest:github'
[2022-08-14 23:12:50.324] [exthost] [info] Extension host terminating: received terminate message from renderer
[2022-08-14 23:12:50.345] [exthost] [error] ProxyResolver#resolveProxy DIRECT Canceled: Canceled
	at new D (/opt/visual-studio-code/resources/app/out/vs/workbench/api/node/extensionHostProcess.js:85:42878)
	at o._remoteCall (/opt/visual-studio-code/resources/app/out/vs/workbench/api/node/extensionHostProcess.js:95:13748)
	at Proxy.A.<computed>.B.charCodeAt.A.<computed> (/opt/visual-studio-code/resources/app/out/vs/workbench/api/node/extensionHostProcess.js:95:10303)
	at S.resolveProxy (/opt/visual-studio-code/resources/app/out/vs/workbench/api/node/extensionHostProcess.js:96:21062)
	at Object.resolveProxy (/opt/visual-studio-code/resources/app/out/vs/workbench/api/node/extensionHostProcess.js:106:59925)
	at useProxySettings (/opt/visual-studio-code/resources/app/node_modules.asar/vscode-proxy-agent/out/index.js:159:16)
	at /opt/visual-studio-code/resources/app/node_modules.asar/vscode-proxy-agent/out/index.js:107:13
	at /opt/visual-studio-code/resources/app/node_modules.asar/vscode-proxy-agent/out/index.js:336:13
	at processTicksAndRejections (node:internal/process/task_queues:96:5) 
[2022-08-14 23:12:50.762] [exthost] [error] [ms-vscode.cpptools] provider FAILED
[2022-08-14 23:12:50.762] [exthost] [error] Error: Connection got disposed.
	at Object.dispose (/home/burakssen/.vscode/extensions/ms-vscode.cpptools-1.11.5-linux-x64/dist/main.js:50563:25)
	at Object.dispose (/home/burakssen/.vscode/extensions/ms-vscode.cpptools-1.11.5-linux-x64/dist/main.js:51483:35)
	at /home/burakssen/.vscode/extensions/ms-vscode.cpptools-1.11.5-linux-x64/dist/main.js:53477:28
[2022-08-14 23:12:50.762] [exthost] [error] [ms-vscode.cpptools] provider FAILED
[2022-08-14 23:12:50.762] [exthost] [error] Error: Connection got disposed.
	at Object.dispose (/home/burakssen/.vscode/extensions/ms-vscode.cpptools-1.11.5-linux-x64/dist/main.js:50563:25)
	at Object.dispose (/home/burakssen/.vscode/extensions/ms-vscode.cpptools-1.11.5-linux-x64/dist/main.js:51483:35)
	at /home/burakssen/.vscode/extensions/ms-vscode.cpptools-1.11.5-linux-x64/dist/main.js:53477:28
[2022-08-14 23:12:50.763] [exthost] [info] Extension host with pid 2155 exiting with code 0
